GAS LISTING C:\Users\Jesper\AppData\Local\Temp\cc8vhfBc.s 			page 1


   1              		.file	"close.c"
   2              		.option nopic
   3              		.attribute arch, "rv32i2p0_m2p0_a2p0_c2p0"
   4              		.attribute unaligned_access, 0
   5              		.attribute stack_align, 16
   6              		.text
   7              	.Ltext0:
   8              		.cfi_sections	.debug_frame
   9              		.section	.text._close,"ax",@progbits
  10              		.align	1
  11              		.globl	_close
  13              	_close:
  14              	.LFB1:
  15              		.file 1 "./../../firmware/RISCV/stubs/close.c"
   1:./../../firmware/RISCV/stubs/close.c **** /* See LICENSE of license details. */
   2:./../../firmware/RISCV/stubs/close.c **** 
   3:./../../firmware/RISCV/stubs/close.c **** #include <errno.h>
   4:./../../firmware/RISCV/stubs/close.c **** #include "stub.h"
   5:./../../firmware/RISCV/stubs/close.c **** 
   6:./../../firmware/RISCV/stubs/close.c **** int _close(int fd)
   7:./../../firmware/RISCV/stubs/close.c **** {
  16              		.loc 1 7 1
  17              		.cfi_startproc
  18              	.LVL0:
   8:./../../firmware/RISCV/stubs/close.c ****   return _stub(EBADF);
  19              		.loc 1 8 3
  20              		.file 2 "./../../firmware/RISCV/stubs/stub.h"
   1:./../../firmware/RISCV/stubs/stub.h **** /* See LICENSE of license details. */
   2:./../../firmware/RISCV/stubs/stub.h **** #ifndef _NUCLEI_SYS_STUB_H
   3:./../../firmware/RISCV/stubs/stub.h **** #define _NUCLEI_SYS_STUB_H
   4:./../../firmware/RISCV/stubs/stub.h **** 
   5:./../../firmware/RISCV/stubs/stub.h **** #include <stdint.h>
   6:./../../firmware/RISCV/stubs/stub.h **** #if   defined (__GNUC__)
   7:./../../firmware/RISCV/stubs/stub.h **** #include <unistd.h>
   8:./../../firmware/RISCV/stubs/stub.h **** #endif
   9:./../../firmware/RISCV/stubs/stub.h **** 
  10:./../../firmware/RISCV/stubs/stub.h **** void write_hex(int fd, unsigned long int hex);
  11:./../../firmware/RISCV/stubs/stub.h **** 
  12:./../../firmware/RISCV/stubs/stub.h **** static inline int _stub(int err)
  13:./../../firmware/RISCV/stubs/stub.h **** {
  14:./../../firmware/RISCV/stubs/stub.h ****   return -1;
  21              		.loc 2 14 3
   9:./../../firmware/RISCV/stubs/close.c **** }
  22              		.loc 1 9 1 is_stmt 0
  23 0000 7D55     		li	a0,-1
  24              	.LVL1:
  25 0002 8280     		ret
  26              		.cfi_endproc
  27              	.LFE1:
  29              		.text
  30              	.Letext0:
  31              		.file 3 "c:\\users\\jesper\\documents\\ml_sommarjobb\\toolchain-gd32v-v201-win\\toolchain-gd32v-v2
  32              		.file 4 "c:\\users\\jesper\\documents\\ml_sommarjobb\\toolchain-gd32v-v201-win\\toolchain-gd32v-v2
  33              		.file 5 "c:\\users\\jesper\\documents\\ml_sommarjobb\\toolchain-gd32v-v201-win\\toolchain-gd32v-v2
  34              		.file 6 "c:\\users\\jesper\\documents\\ml_sommarjobb\\toolchain-gd32v-v201-win\\toolchain-gd32v-v2
  35              		.file 7 "c:\\users\\jesper\\documents\\ml_sommarjobb\\toolchain-gd32v-v201-win\\toolchain-gd32v-v2
  36              		.file 8 "c:\\users\\jesper\\documents\\ml_sommarjobb\\toolchain-gd32v-v201-win\\toolchain-gd32v-v2
GAS LISTING C:\Users\Jesper\AppData\Local\Temp\cc8vhfBc.s 			page 2


GAS LISTING C:\Users\Jesper\AppData\Local\Temp\cc8vhfBc.s 			page 3


DEFINED SYMBOLS
                            *ABS*:0000000000000000 close.c
C:\Users\Jesper\AppData\Local\Temp\cc8vhfBc.s:13     .text._close:0000000000000000 _close
C:\Users\Jesper\AppData\Local\Temp\cc8vhfBc.s:17     .text._close:0000000000000000 .L0 
C:\Users\Jesper\AppData\Local\Temp\cc8vhfBc.s:19     .text._close:0000000000000000 .L0 
C:\Users\Jesper\AppData\Local\Temp\cc8vhfBc.s:21     .text._close:0000000000000000 .L0 
C:\Users\Jesper\AppData\Local\Temp\cc8vhfBc.s:22     .text._close:0000000000000000 .L0 
C:\Users\Jesper\AppData\Local\Temp\cc8vhfBc.s:23     .text._close:0000000000000000 .L0 
C:\Users\Jesper\AppData\Local\Temp\cc8vhfBc.s:26     .text._close:0000000000000004 .L0 
C:\Users\Jesper\AppData\Local\Temp\cc8vhfBc.s:29     .text._close:0000000000000004 .L0 
                     .debug_frame:0000000000000000 .L0 
C:\Users\Jesper\AppData\Local\Temp\cc8vhfBc.s:1540   .debug_abbrev:0000000000000000 .Ldebug_abbrev0
C:\Users\Jesper\AppData\Local\Temp\cc8vhfBc.s:2288   .debug_str:000000000000048e .LASF128
C:\Users\Jesper\AppData\Local\Temp\cc8vhfBc.s:2094   .debug_str:00000000000000fa .LASF129
C:\Users\Jesper\AppData\Local\Temp\cc8vhfBc.s:2086   .debug_str:000000000000006b .LASF130
C:\Users\Jesper\AppData\Local\Temp\cc8vhfBc.s:2060   .debug_ranges:0000000000000000 .Ldebug_ranges0
C:\Users\Jesper\AppData\Local\Temp\cc8vhfBc.s:2066   .debug_line:0000000000000000 .Ldebug_line0
C:\Users\Jesper\AppData\Local\Temp\cc8vhfBc.s:2158   .debug_str:000000000000023d .LASF0
C:\Users\Jesper\AppData\Local\Temp\cc8vhfBc.s:2172   .debug_str:0000000000000280 .LASF1
C:\Users\Jesper\AppData\Local\Temp\cc8vhfBc.s:2100   .debug_str:0000000000000136 .LASF2
C:\Users\Jesper\AppData\Local\Temp\cc8vhfBc.s:2202   .debug_str:000000000000030a .LASF3
C:\Users\Jesper\AppData\Local\Temp\cc8vhfBc.s:2186   .debug_str:00000000000002cb .LASF10
C:\Users\Jesper\AppData\Local\Temp\cc8vhfBc.s:2102   .debug_str:0000000000000144 .LASF4
C:\Users\Jesper\AppData\Local\Temp\cc8vhfBc.s:2220   .debug_str:0000000000000363 .LASF5
C:\Users\Jesper\AppData\Local\Temp\cc8vhfBc.s:2226   .debug_str:000000000000037f .LASF6
C:\Users\Jesper\AppData\Local\Temp\cc8vhfBc.s:2118   .debug_str:0000000000000189 .LASF7
C:\Users\Jesper\AppData\Local\Temp\cc8vhfBc.s:2166   .debug_str:0000000000000261 .LASF8
C:\Users\Jesper\AppData\Local\Temp\cc8vhfBc.s:2082   .debug_str:000000000000004b .LASF9
C:\Users\Jesper\AppData\Local\Temp\cc8vhfBc.s:2214   .debug_str:0000000000000340 .LASF11
C:\Users\Jesper\AppData\Local\Temp\cc8vhfBc.s:2272   .debug_str:0000000000000451 .LASF12
C:\Users\Jesper\AppData\Local\Temp\cc8vhfBc.s:2308   .debug_str:000000000000056e .LASF13
C:\Users\Jesper\AppData\Local\Temp\cc8vhfBc.s:2182   .debug_str:00000000000002bd .LASF14
C:\Users\Jesper\AppData\Local\Temp\cc8vhfBc.s:2160   .debug_str:000000000000024a .LASF15
C:\Users\Jesper\AppData\Local\Temp\cc8vhfBc.s:2264   .debug_str:000000000000042f .LASF16
C:\Users\Jesper\AppData\Local\Temp\cc8vhfBc.s:2266   .debug_str:0000000000000437 .LASF17
C:\Users\Jesper\AppData\Local\Temp\cc8vhfBc.s:2236   .debug_str:00000000000003a7 .LASF18
C:\Users\Jesper\AppData\Local\Temp\cc8vhfBc.s:2294   .debug_str:0000000000000524 .LASF19
C:\Users\Jesper\AppData\Local\Temp\cc8vhfBc.s:2218   .debug_str:0000000000000351 .LASF20
C:\Users\Jesper\AppData\Local\Temp\cc8vhfBc.s:2144   .debug_str:0000000000000200 .LASF21
C:\Users\Jesper\AppData\Local\Temp\cc8vhfBc.s:2148   .debug_str:0000000000000211 .LASF26
C:\Users\Jesper\AppData\Local\Temp\cc8vhfBc.s:2284   .debug_str:000000000000047b .LASF22
C:\Users\Jesper\AppData\Local\Temp\cc8vhfBc.s:2258   .debug_str:000000000000041a .LASF23
C:\Users\Jesper\AppData\Local\Temp\cc8vhfBc.s:2142   .debug_str:00000000000001fa .LASF24
C:\Users\Jesper\AppData\Local\Temp\cc8vhfBc.s:2302   .debug_str:0000000000000559 .LASF25
C:\Users\Jesper\AppData\Local\Temp\cc8vhfBc.s:2156   .debug_str:0000000000000238 .LASF27
C:\Users\Jesper\AppData\Local\Temp\cc8vhfBc.s:2098   .debug_str:000000000000012d .LASF28
C:\Users\Jesper\AppData\Local\Temp\cc8vhfBc.s:2278   .debug_str:0000000000000465 .LASF29
C:\Users\Jesper\AppData\Local\Temp\cc8vhfBc.s:2108   .debug_str:000000000000015c .LASF30
C:\Users\Jesper\AppData\Local\Temp\cc8vhfBc.s:2332   .debug_str:00000000000005d9 .LASF31
C:\Users\Jesper\AppData\Local\Temp\cc8vhfBc.s:2208   .debug_str:0000000000000324 .LASF32
C:\Users\Jesper\AppData\Local\Temp\cc8vhfBc.s:2196   .debug_str:00000000000002f0 .LASF33
C:\Users\Jesper\AppData\Local\Temp\cc8vhfBc.s:2304   .debug_str:000000000000055e .LASF34
C:\Users\Jesper\AppData\Local\Temp\cc8vhfBc.s:2228   .debug_str:0000000000000389 .LASF35
C:\Users\Jesper\AppData\Local\Temp\cc8vhfBc.s:2318   .debug_str:0000000000000599 .LASF36
C:\Users\Jesper\AppData\Local\Temp\cc8vhfBc.s:2112   .debug_str:000000000000016b .LASF37
C:\Users\Jesper\AppData\Local\Temp\cc8vhfBc.s:2138   .debug_str:00000000000001ed .LASF38
C:\Users\Jesper\AppData\Local\Temp\cc8vhfBc.s:2068   .debug_str:0000000000000000 .LASF39
GAS LISTING C:\Users\Jesper\AppData\Local\Temp\cc8vhfBc.s 			page 4


C:\Users\Jesper\AppData\Local\Temp\cc8vhfBc.s:2290   .debug_str:0000000000000516 .LASF40
C:\Users\Jesper\AppData\Local\Temp\cc8vhfBc.s:2122   .debug_str:0000000000000199 .LASF41
C:\Users\Jesper\AppData\Local\Temp\cc8vhfBc.s:2210   .debug_str:000000000000032d .LASF42
C:\Users\Jesper\AppData\Local\Temp\cc8vhfBc.s:2250   .debug_str:00000000000003ea .LASF43
C:\Users\Jesper\AppData\Local\Temp\cc8vhfBc.s:2140   .debug_str:00000000000001f5 .LASF44
C:\Users\Jesper\AppData\Local\Temp\cc8vhfBc.s:2230   .debug_str:0000000000000393 .LASF45
C:\Users\Jesper\AppData\Local\Temp\cc8vhfBc.s:2106   .debug_str:0000000000000156 .LASF46
C:\Users\Jesper\AppData\Local\Temp\cc8vhfBc.s:2070   .debug_str:000000000000000c .LASF47
C:\Users\Jesper\AppData\Local\Temp\cc8vhfBc.s:2238   .debug_str:00000000000003b2 .LASF48
C:\Users\Jesper\AppData\Local\Temp\cc8vhfBc.s:2120   .debug_str:0000000000000192 .LASF49
C:\Users\Jesper\AppData\Local\Temp\cc8vhfBc.s:2168   .debug_str:0000000000000273 .LASF50
C:\Users\Jesper\AppData\Local\Temp\cc8vhfBc.s:2084   .debug_str:0000000000000062 .LASF51
C:\Users\Jesper\AppData\Local\Temp\cc8vhfBc.s:2114   .debug_str:0000000000000179 .LASF52
C:\Users\Jesper\AppData\Local\Temp\cc8vhfBc.s:2152   .debug_str:0000000000000228 .LASF53
C:\Users\Jesper\AppData\Local\Temp\cc8vhfBc.s:2194   .debug_str:00000000000002e9 .LASF54
C:\Users\Jesper\AppData\Local\Temp\cc8vhfBc.s:2268   .debug_str:000000000000043f .LASF55
C:\Users\Jesper\AppData\Local\Temp\cc8vhfBc.s:2322   .debug_str:00000000000005b3 .LASF56
C:\Users\Jesper\AppData\Local\Temp\cc8vhfBc.s:2104   .debug_str:0000000000000150 .LASF57
C:\Users\Jesper\AppData\Local\Temp\cc8vhfBc.s:2314   .debug_str:000000000000058b .LASF58
C:\Users\Jesper\AppData\Local\Temp\cc8vhfBc.s:2126   .debug_str:00000000000001a8 .LASF59
C:\Users\Jesper\AppData\Local\Temp\cc8vhfBc.s:2132   .debug_str:00000000000001c6 .LASF60
C:\Users\Jesper\AppData\Local\Temp\cc8vhfBc.s:2076   .debug_str:0000000000000025 .LASF61
C:\Users\Jesper\AppData\Local\Temp\cc8vhfBc.s:2188   .debug_str:00000000000002d2 .LASF62
C:\Users\Jesper\AppData\Local\Temp\cc8vhfBc.s:2242   .debug_str:00000000000003c4 .LASF63
C:\Users\Jesper\AppData\Local\Temp\cc8vhfBc.s:2190   .debug_str:00000000000002d8 .LASF64
C:\Users\Jesper\AppData\Local\Temp\cc8vhfBc.s:2260   .debug_str:0000000000000422 .LASF65
C:\Users\Jesper\AppData\Local\Temp\cc8vhfBc.s:2274   .debug_str:0000000000000459 .LASF66
C:\Users\Jesper\AppData\Local\Temp\cc8vhfBc.s:2124   .debug_str:00000000000001a1 .LASF67
C:\Users\Jesper\AppData\Local\Temp\cc8vhfBc.s:2162   .debug_str:0000000000000251 .LASF68
C:\Users\Jesper\AppData\Local\Temp\cc8vhfBc.s:2146   .debug_str:0000000000000209 .LASF69
C:\Users\Jesper\AppData\Local\Temp\cc8vhfBc.s:2248   .debug_str:00000000000003e5 .LASF70
C:\Users\Jesper\AppData\Local\Temp\cc8vhfBc.s:2074   .debug_str:000000000000001a .LASF71
C:\Users\Jesper\AppData\Local\Temp\cc8vhfBc.s:2256   .debug_str:0000000000000401 .LASF72
C:\Users\Jesper\AppData\Local\Temp\cc8vhfBc.s:2252   .debug_str:00000000000003ef .LASF73
C:\Users\Jesper\AppData\Local\Temp\cc8vhfBc.s:2212   .debug_str:0000000000000335 .LASF74
C:\Users\Jesper\AppData\Local\Temp\cc8vhfBc.s:2254   .debug_str:00000000000003f7 .LASF75
C:\Users\Jesper\AppData\Local\Temp\cc8vhfBc.s:2180   .debug_str:00000000000002b5 .LASF76
C:\Users\Jesper\AppData\Local\Temp\cc8vhfBc.s:2154   .debug_str:000000000000022e .LASF77
C:\Users\Jesper\AppData\Local\Temp\cc8vhfBc.s:2330   .debug_str:00000000000005d4 .LASF78
C:\Users\Jesper\AppData\Local\Temp\cc8vhfBc.s:2216   .debug_str:0000000000000347 .LASF79
C:\Users\Jesper\AppData\Local\Temp\cc8vhfBc.s:2164   .debug_str:0000000000000259 .LASF80
C:\Users\Jesper\AppData\Local\Temp\cc8vhfBc.s:2130   .debug_str:00000000000001be .LASF81
C:\Users\Jesper\AppData\Local\Temp\cc8vhfBc.s:2222   .debug_str:0000000000000371 .LASF82
C:\Users\Jesper\AppData\Local\Temp\cc8vhfBc.s:2174   .debug_str:0000000000000293 .LASF83
C:\Users\Jesper\AppData\Local\Temp\cc8vhfBc.s:2312   .debug_str:0000000000000581 .LASF84
C:\Users\Jesper\AppData\Local\Temp\cc8vhfBc.s:2116   .debug_str:0000000000000181 .LASF85
C:\Users\Jesper\AppData\Local\Temp\cc8vhfBc.s:2110   .debug_str:0000000000000166 .LASF86
C:\Users\Jesper\AppData\Local\Temp\cc8vhfBc.s:2276   .debug_str:0000000000000460 .LASF87
C:\Users\Jesper\AppData\Local\Temp\cc8vhfBc.s:2234   .debug_str:00000000000003a0 .LASF88
C:\Users\Jesper\AppData\Local\Temp\cc8vhfBc.s:2306   .debug_str:0000000000000568 .LASF89
C:\Users\Jesper\AppData\Local\Temp\cc8vhfBc.s:2170   .debug_str:0000000000000279 .LASF90
C:\Users\Jesper\AppData\Local\Temp\cc8vhfBc.s:2232   .debug_str:000000000000039a .LASF91
C:\Users\Jesper\AppData\Local\Temp\cc8vhfBc.s:2072   .debug_str:0000000000000012 .LASF92
C:\Users\Jesper\AppData\Local\Temp\cc8vhfBc.s:2262   .debug_str:0000000000000429 .LASF93
C:\Users\Jesper\AppData\Local\Temp\cc8vhfBc.s:2282   .debug_str:0000000000000475 .LASF94
C:\Users\Jesper\AppData\Local\Temp\cc8vhfBc.s:2292   .debug_str:000000000000051f .LASF95
C:\Users\Jesper\AppData\Local\Temp\cc8vhfBc.s:2300   .debug_str:000000000000054c .LASF96
GAS LISTING C:\Users\Jesper\AppData\Local\Temp\cc8vhfBc.s 			page 5


C:\Users\Jesper\AppData\Local\Temp\cc8vhfBc.s:2286   .debug_str:0000000000000481 .LASF97
C:\Users\Jesper\AppData\Local\Temp\cc8vhfBc.s:2178   .debug_str:00000000000002a8 .LASF98
C:\Users\Jesper\AppData\Local\Temp\cc8vhfBc.s:2320   .debug_str:00000000000005a4 .LASF99
C:\Users\Jesper\AppData\Local\Temp\cc8vhfBc.s:2150   .debug_str:0000000000000219 .LASF100
C:\Users\Jesper\AppData\Local\Temp\cc8vhfBc.s:2244   .debug_str:00000000000003cd .LASF101
C:\Users\Jesper\AppData\Local\Temp\cc8vhfBc.s:2324   .debug_str:00000000000005ba .LASF102
C:\Users\Jesper\AppData\Local\Temp\cc8vhfBc.s:2246   .debug_str:00000000000003d8 .LASF103
C:\Users\Jesper\AppData\Local\Temp\cc8vhfBc.s:2328   .debug_str:00000000000005c6 .LASF104
C:\Users\Jesper\AppData\Local\Temp\cc8vhfBc.s:2096   .debug_str:000000000000011f .LASF105
C:\Users\Jesper\AppData\Local\Temp\cc8vhfBc.s:2310   .debug_str:0000000000000577 .LASF106
C:\Users\Jesper\AppData\Local\Temp\cc8vhfBc.s:2176   .debug_str:000000000000029c .LASF107
C:\Users\Jesper\AppData\Local\Temp\cc8vhfBc.s:2296   .debug_str:000000000000052c .LASF108
C:\Users\Jesper\AppData\Local\Temp\cc8vhfBc.s:2136   .debug_str:00000000000001df .LASF109
C:\Users\Jesper\AppData\Local\Temp\cc8vhfBc.s:2092   .debug_str:00000000000000eb .LASF110
C:\Users\Jesper\AppData\Local\Temp\cc8vhfBc.s:2134   .debug_str:00000000000001ce .LASF111
C:\Users\Jesper\AppData\Local\Temp\cc8vhfBc.s:2078   .debug_str:000000000000002b .LASF112
C:\Users\Jesper\AppData\Local\Temp\cc8vhfBc.s:2080   .debug_str:000000000000003a .LASF113
C:\Users\Jesper\AppData\Local\Temp\cc8vhfBc.s:2224   .debug_str:0000000000000376 .LASF114
C:\Users\Jesper\AppData\Local\Temp\cc8vhfBc.s:2206   .debug_str:000000000000031d .LASF115
C:\Users\Jesper\AppData\Local\Temp\cc8vhfBc.s:2198   .debug_str:00000000000002fa .LASF116
C:\Users\Jesper\AppData\Local\Temp\cc8vhfBc.s:2316   .debug_str:0000000000000591 .LASF117
C:\Users\Jesper\AppData\Local\Temp\cc8vhfBc.s:2088   .debug_str:00000000000000da .LASF131
C:\Users\Jesper\AppData\Local\Temp\cc8vhfBc.s:2270   .debug_str:0000000000000445 .LASF118
C:\Users\Jesper\AppData\Local\Temp\cc8vhfBc.s:2298   .debug_str:0000000000000539 .LASF119
C:\Users\Jesper\AppData\Local\Temp\cc8vhfBc.s:2128   .debug_str:00000000000001b1 .LASF120
C:\Users\Jesper\AppData\Local\Temp\cc8vhfBc.s:2240   .debug_str:00000000000003ba .LASF121
C:\Users\Jesper\AppData\Local\Temp\cc8vhfBc.s:2184   .debug_str:00000000000002c3 .LASF122
C:\Users\Jesper\AppData\Local\Temp\cc8vhfBc.s:2200   .debug_str:0000000000000303 .LASF123
C:\Users\Jesper\AppData\Local\Temp\cc8vhfBc.s:2204   .debug_str:0000000000000316 .LASF124
C:\Users\Jesper\AppData\Local\Temp\cc8vhfBc.s:2280   .debug_str:000000000000046e .LASF125
C:\Users\Jesper\AppData\Local\Temp\cc8vhfBc.s:2326   .debug_str:00000000000005bf .LASF126
C:\Users\Jesper\AppData\Local\Temp\cc8vhfBc.s:2192   .debug_str:00000000000002e0 .LASF127
C:\Users\Jesper\AppData\Local\Temp\cc8vhfBc.s:14     .text._close:0000000000000000 .LFB1
C:\Users\Jesper\AppData\Local\Temp\cc8vhfBc.s:27     .text._close:0000000000000004 .LFE1
C:\Users\Jesper\AppData\Local\Temp\cc8vhfBc.s:2033   .debug_loc:0000000000000000 .LLST0
C:\Users\Jesper\AppData\Local\Temp\cc8vhfBc.s:2090   .debug_str:00000000000000e5 .LASF132
C:\Users\Jesper\AppData\Local\Temp\cc8vhfBc.s:18     .text._close:0000000000000000 .LVL0
C:\Users\Jesper\AppData\Local\Temp\cc8vhfBc.s:24     .text._close:0000000000000002 .LVL1
C:\Users\Jesper\AppData\Local\Temp\cc8vhfBc.s:38     .debug_info:0000000000000000 .Ldebug_info0

NO UNDEFINED SYMBOLS
