GAS LISTING C:\Users\Jesper\AppData\Local\Temp\ccaE4vtw.s 			page 1


   1              		.file	"fstat.c"
   2              		.option nopic
   3              		.attribute arch, "rv32i2p0_m2p0_a2p0_c2p0"
   4              		.attribute unaligned_access, 0
   5              		.attribute stack_align, 16
   6              		.text
   7              	.Ltext0:
   8              		.cfi_sections	.debug_frame
   9              		.section	.text._fstat,"ax",@progbits
  10              		.align	1
  11              		.globl	_fstat
  13              	_fstat:
  14              	.LFB1:
  15              		.file 1 "./../../firmware/RISCV/stubs/fstat.c"
   1:./../../firmware/RISCV/stubs/fstat.c **** /* See LICENSE of license details. */
   2:./../../firmware/RISCV/stubs/fstat.c **** 
   3:./../../firmware/RISCV/stubs/fstat.c **** #include <errno.h>
   4:./../../firmware/RISCV/stubs/fstat.c **** #include <unistd.h>
   5:./../../firmware/RISCV/stubs/fstat.c **** #include <sys/stat.h>
   6:./../../firmware/RISCV/stubs/fstat.c **** #include "stub.h"
   7:./../../firmware/RISCV/stubs/fstat.c **** 
   8:./../../firmware/RISCV/stubs/fstat.c **** int _fstat(int fd, struct stat* st)
   9:./../../firmware/RISCV/stubs/fstat.c **** {
  16              		.loc 1 9 1
  17              		.cfi_startproc
  18              	.LVL0:
  10:./../../firmware/RISCV/stubs/fstat.c ****   if (isatty(fd)) {
  19              		.loc 1 10 3
   9:./../../firmware/RISCV/stubs/fstat.c ****   if (isatty(fd)) {
  20              		.loc 1 9 1 is_stmt 0
  21 0000 0111     		addi	sp,sp,-32
  22              	.LCFI0:
  23              		.cfi_def_cfa_offset 32
  24 0002 06CE     		sw	ra,28(sp)
  25              		.cfi_offset 1, -4
   9:./../../firmware/RISCV/stubs/fstat.c ****   if (isatty(fd)) {
  26              		.loc 1 9 1
  27 0004 2EC6     		sw	a1,12(sp)
  28              		.loc 1 10 7
  29 0006 97000000 		call	isatty
  29      E7800000 
  30              	.LVL1:
  31              		.loc 1 10 6
  32 000e 01C9     		beq	a0,zero,.L3
  11:./../../firmware/RISCV/stubs/fstat.c ****     st->st_mode = S_IFCHR;
  33              		.loc 1 11 5 is_stmt 1
  34              		.loc 1 11 17 is_stmt 0
  35 0010 B245     		lw	a1,12(sp)
  36 0012 8967     		li	a5,8192
  12:./../../firmware/RISCV/stubs/fstat.c ****     return 0;
  37              		.loc 1 12 12
  38 0014 0145     		li	a0,0
  11:./../../firmware/RISCV/stubs/fstat.c ****     st->st_mode = S_IFCHR;
  39              		.loc 1 11 17
  40 0016 DCC1     		sw	a5,4(a1)
  41              		.loc 1 12 5 is_stmt 1
  42              	.L1:
GAS LISTING C:\Users\Jesper\AppData\Local\Temp\ccaE4vtw.s 			page 2


  13:./../../firmware/RISCV/stubs/fstat.c ****   }
  14:./../../firmware/RISCV/stubs/fstat.c **** 
  15:./../../firmware/RISCV/stubs/fstat.c ****   return _stub(EBADF);
  16:./../../firmware/RISCV/stubs/fstat.c **** }
  43              		.loc 1 16 1 is_stmt 0
  44 0018 F240     		lw	ra,28(sp)
  45              		.cfi_remember_state
  46              		.cfi_restore 1
  47 001a 0561     		addi	sp,sp,32
  48              	.LCFI1:
  49              		.cfi_def_cfa_offset 0
  50              	.LVL2:
  51 001c 8280     		jr	ra
  52              	.LVL3:
  53              	.L3:
  54              	.LCFI2:
  55              		.cfi_restore_state
  15:./../../firmware/RISCV/stubs/fstat.c **** }
  56              		.loc 1 15 10
  57 001e 7D55     		li	a0,-1
  58 0020 E5BF     		j	.L1
  59              		.cfi_endproc
  60              	.LFE1:
  62              		.text
  63              	.Letext0:
  64              		.file 2 "c:\\users\\jesper\\documents\\ml_sommarjobb\\toolchain-gd32v-v201-win\\toolchain-gd32v-v2
  65              		.file 3 "c:\\users\\jesper\\documents\\ml_sommarjobb\\toolchain-gd32v-v201-win\\toolchain-gd32v-v2
  66              		.file 4 "c:\\users\\jesper\\documents\\ml_sommarjobb\\toolchain-gd32v-v201-win\\toolchain-gd32v-v2
  67              		.file 5 "c:\\users\\jesper\\documents\\ml_sommarjobb\\toolchain-gd32v-v201-win\\toolchain-gd32v-v2
  68              		.file 6 "c:\\users\\jesper\\documents\\ml_sommarjobb\\toolchain-gd32v-v201-win\\toolchain-gd32v-v2
  69              		.file 7 "c:\\users\\jesper\\documents\\ml_sommarjobb\\toolchain-gd32v-v201-win\\toolchain-gd32v-v2
  70              		.file 8 "c:\\users\\jesper\\documents\\ml_sommarjobb\\toolchain-gd32v-v201-win\\toolchain-gd32v-v2
  71              		.file 9 "c:\\users\\jesper\\documents\\ml_sommarjobb\\toolchain-gd32v-v201-win\\toolchain-gd32v-v2
  72              		.file 10 "c:\\users\\jesper\\documents\\ml_sommarjobb\\toolchain-gd32v-v201-win\\toolchain-gd32v-v
  73              		.file 11 "c:\\users\\jesper\\documents\\ml_sommarjobb\\toolchain-gd32v-v201-win\\toolchain-gd32v-v
  74              		.file 12 "c:\\users\\jesper\\documents\\ml_sommarjobb\\toolchain-gd32v-v201-win\\toolchain-gd32v-v
  75              		.file 13 "./../../firmware/RISCV/stubs/stub.h"
GAS LISTING C:\Users\Jesper\AppData\Local\Temp\ccaE4vtw.s 			page 3


DEFINED SYMBOLS
                            *ABS*:0000000000000000 fstat.c
C:\Users\Jesper\AppData\Local\Temp\ccaE4vtw.s:13     .text._fstat:0000000000000000 _fstat
C:\Users\Jesper\AppData\Local\Temp\ccaE4vtw.s:17     .text._fstat:0000000000000000 .L0 
C:\Users\Jesper\AppData\Local\Temp\ccaE4vtw.s:19     .text._fstat:0000000000000000 .L0 
C:\Users\Jesper\AppData\Local\Temp\ccaE4vtw.s:20     .text._fstat:0000000000000000 .L0 
C:\Users\Jesper\AppData\Local\Temp\ccaE4vtw.s:21     .text._fstat:0000000000000000 .L0 
C:\Users\Jesper\AppData\Local\Temp\ccaE4vtw.s:23     .text._fstat:0000000000000002 .L0 
C:\Users\Jesper\AppData\Local\Temp\ccaE4vtw.s:25     .text._fstat:0000000000000004 .L0 
C:\Users\Jesper\AppData\Local\Temp\ccaE4vtw.s:27     .text._fstat:0000000000000004 .L0 
C:\Users\Jesper\AppData\Local\Temp\ccaE4vtw.s:29     .text._fstat:0000000000000006 .L0 
C:\Users\Jesper\AppData\Local\Temp\ccaE4vtw.s:32     .text._fstat:000000000000000e .L0 
C:\Users\Jesper\AppData\Local\Temp\ccaE4vtw.s:34     .text._fstat:0000000000000010 .L0 
C:\Users\Jesper\AppData\Local\Temp\ccaE4vtw.s:35     .text._fstat:0000000000000010 .L0 
C:\Users\Jesper\AppData\Local\Temp\ccaE4vtw.s:38     .text._fstat:0000000000000014 .L0 
C:\Users\Jesper\AppData\Local\Temp\ccaE4vtw.s:40     .text._fstat:0000000000000016 .L0 
C:\Users\Jesper\AppData\Local\Temp\ccaE4vtw.s:43     .text._fstat:0000000000000018 .L0 
C:\Users\Jesper\AppData\Local\Temp\ccaE4vtw.s:44     .text._fstat:0000000000000018 .L0 
C:\Users\Jesper\AppData\Local\Temp\ccaE4vtw.s:45     .text._fstat:000000000000001a .L0 
C:\Users\Jesper\AppData\Local\Temp\ccaE4vtw.s:46     .text._fstat:000000000000001a .L0 
C:\Users\Jesper\AppData\Local\Temp\ccaE4vtw.s:49     .text._fstat:000000000000001c .L0 
C:\Users\Jesper\AppData\Local\Temp\ccaE4vtw.s:55     .text._fstat:000000000000001e .L0 
C:\Users\Jesper\AppData\Local\Temp\ccaE4vtw.s:57     .text._fstat:000000000000001e .L0 
C:\Users\Jesper\AppData\Local\Temp\ccaE4vtw.s:59     .text._fstat:0000000000000022 .L0 
C:\Users\Jesper\AppData\Local\Temp\ccaE4vtw.s:62     .text._fstat:0000000000000022 .L0 
                     .debug_frame:0000000000000000 .L0 
C:\Users\Jesper\AppData\Local\Temp\ccaE4vtw.s:53     .text._fstat:000000000000001e .L3
C:\Users\Jesper\AppData\Local\Temp\ccaE4vtw.s:42     .text._fstat:0000000000000018 .L1
C:\Users\Jesper\AppData\Local\Temp\ccaE4vtw.s:1932   .debug_abbrev:0000000000000000 .Ldebug_abbrev0
C:\Users\Jesper\AppData\Local\Temp\ccaE4vtw.s:2842   .debug_str:00000000000005db .LASF170
C:\Users\Jesper\AppData\Local\Temp\ccaE4vtw.s:2736   .debug_str:00000000000003e5 .LASF171
C:\Users\Jesper\AppData\Local\Temp\ccaE4vtw.s:2578   .debug_str:00000000000000ac .LASF172
C:\Users\Jesper\AppData\Local\Temp\ccaE4vtw.s:2536   .debug_ranges:0000000000000000 .Ldebug_ranges0
C:\Users\Jesper\AppData\Local\Temp\ccaE4vtw.s:2542   .debug_line:0000000000000000 .Ldebug_line0
C:\Users\Jesper\AppData\Local\Temp\ccaE4vtw.s:2674   .debug_str:00000000000002d3 .LASF0
C:\Users\Jesper\AppData\Local\Temp\ccaE4vtw.s:2696   .debug_str:0000000000000332 .LASF1
C:\Users\Jesper\AppData\Local\Temp\ccaE4vtw.s:2596   .debug_str:000000000000016f .LASF2
C:\Users\Jesper\AppData\Local\Temp\ccaE4vtw.s:2730   .debug_str:00000000000003cb .LASF3
C:\Users\Jesper\AppData\Local\Temp\ccaE4vtw.s:2710   .debug_str:000000000000037d .LASF8
C:\Users\Jesper\AppData\Local\Temp\ccaE4vtw.s:2598   .debug_str:000000000000017d .LASF4
C:\Users\Jesper\AppData\Local\Temp\ccaE4vtw.s:2758   .debug_str:000000000000046a .LASF5
C:\Users\Jesper\AppData\Local\Temp\ccaE4vtw.s:2766   .debug_str:000000000000048d .LASF6
C:\Users\Jesper\AppData\Local\Temp\ccaE4vtw.s:2618   .debug_str:00000000000001d6 .LASF7
C:\Users\Jesper\AppData\Local\Temp\ccaE4vtw.s:2650   .debug_str:0000000000000269 .LASF9
C:\Users\Jesper\AppData\Local\Temp\ccaE4vtw.s:2684   .debug_str:0000000000000300 .LASF10
C:\Users\Jesper\AppData\Local\Temp\ccaE4vtw.s:2572   .debug_str:0000000000000082 .LASF11
C:\Users\Jesper\AppData\Local\Temp\ccaE4vtw.s:2586   .debug_str:000000000000013b .LASF12
C:\Users\Jesper\AppData\Local\Temp\ccaE4vtw.s:2616   .debug_str:00000000000001cb .LASF13
C:\Users\Jesper\AppData\Local\Temp\ccaE4vtw.s:2742   .debug_str:000000000000041b .LASF14
C:\Users\Jesper\AppData\Local\Temp\ccaE4vtw.s:2744   .debug_str:0000000000000427 .LASF15
C:\Users\Jesper\AppData\Local\Temp\ccaE4vtw.s:2662   .debug_str:00000000000002a2 .LASF16
C:\Users\Jesper\AppData\Local\Temp\ccaE4vtw.s:2834   .debug_str:00000000000005b8 .LASF17
C:\Users\Jesper\AppData\Local\Temp\ccaE4vtw.s:2548   .debug_str:0000000000000014 .LASF18
C:\Users\Jesper\AppData\Local\Temp\ccaE4vtw.s:2806   .debug_str:000000000000054b .LASF19
C:\Users\Jesper\AppData\Local\Temp\ccaE4vtw.s:2602   .debug_str:000000000000018f .LASF20
C:\Users\Jesper\AppData\Local\Temp\ccaE4vtw.s:2546   .debug_str:000000000000000c .LASF21
C:\Users\Jesper\AppData\Local\Temp\ccaE4vtw.s:2818   .debug_str:000000000000057b .LASF22
GAS LISTING C:\Users\Jesper\AppData\Local\Temp\ccaE4vtw.s 			page 4


C:\Users\Jesper\AppData\Local\Temp\ccaE4vtw.s:2862   .debug_str:00000000000006bb .LASF23
C:\Users\Jesper\AppData\Local\Temp\ccaE4vtw.s:2706   .debug_str:000000000000036f .LASF24
C:\Users\Jesper\AppData\Local\Temp\ccaE4vtw.s:2676   .debug_str:00000000000002e0 .LASF25
C:\Users\Jesper\AppData\Local\Temp\ccaE4vtw.s:2810   .debug_str:0000000000000559 .LASF26
C:\Users\Jesper\AppData\Local\Temp\ccaE4vtw.s:2812   .debug_str:0000000000000561 .LASF27
C:\Users\Jesper\AppData\Local\Temp\ccaE4vtw.s:2778   .debug_str:00000000000004c0 .LASF28
C:\Users\Jesper\AppData\Local\Temp\ccaE4vtw.s:2890   .debug_str:0000000000000738 .LASF29
C:\Users\Jesper\AppData\Local\Temp\ccaE4vtw.s:2848   .debug_str:0000000000000671 .LASF30
C:\Users\Jesper\AppData\Local\Temp\ccaE4vtw.s:2754   .debug_str:000000000000044f .LASF31
C:\Users\Jesper\AppData\Local\Temp\ccaE4vtw.s:2654   .debug_str:000000000000027a .LASF32
C:\Users\Jesper\AppData\Local\Temp\ccaE4vtw.s:2658   .debug_str:000000000000028b .LASF37
C:\Users\Jesper\AppData\Local\Temp\ccaE4vtw.s:2836   .debug_str:00000000000005c0 .LASF33
C:\Users\Jesper\AppData\Local\Temp\ccaE4vtw.s:2802   .debug_str:000000000000053c .LASF34
C:\Users\Jesper\AppData\Local\Temp\ccaE4vtw.s:2652   .debug_str:0000000000000274 .LASF35
C:\Users\Jesper\AppData\Local\Temp\ccaE4vtw.s:2856   .debug_str:00000000000006a6 .LASF36
C:\Users\Jesper\AppData\Local\Temp\ccaE4vtw.s:2672   .debug_str:00000000000002ce .LASF38
C:\Users\Jesper\AppData\Local\Temp\ccaE4vtw.s:2592   .debug_str:0000000000000161 .LASF39
C:\Users\Jesper\AppData\Local\Temp\ccaE4vtw.s:2828   .debug_str:00000000000005a2 .LASF40
C:\Users\Jesper\AppData\Local\Temp\ccaE4vtw.s:2606   .debug_str:000000000000019e .LASF41
C:\Users\Jesper\AppData\Local\Temp\ccaE4vtw.s:2894   .debug_str:000000000000074b .LASF42
C:\Users\Jesper\AppData\Local\Temp\ccaE4vtw.s:2738   .debug_str:000000000000040a .LASF43
C:\Users\Jesper\AppData\Local\Temp\ccaE4vtw.s:2724   .debug_str:00000000000003b1 .LASF44
C:\Users\Jesper\AppData\Local\Temp\ccaE4vtw.s:2858   .debug_str:00000000000006ab .LASF45
C:\Users\Jesper\AppData\Local\Temp\ccaE4vtw.s:2768   .debug_str:0000000000000497 .LASF46
C:\Users\Jesper\AppData\Local\Temp\ccaE4vtw.s:2874   .debug_str:00000000000006f0 .LASF47
C:\Users\Jesper\AppData\Local\Temp\ccaE4vtw.s:2610   .debug_str:00000000000001ad .LASF48
C:\Users\Jesper\AppData\Local\Temp\ccaE4vtw.s:2644   .debug_str:0000000000000256 .LASF49
C:\Users\Jesper\AppData\Local\Temp\ccaE4vtw.s:2544   .debug_str:0000000000000000 .LASF50
C:\Users\Jesper\AppData\Local\Temp\ccaE4vtw.s:2844   .debug_str:0000000000000663 .LASF51
C:\Users\Jesper\AppData\Local\Temp\ccaE4vtw.s:2624   .debug_str:00000000000001f0 .LASF52
C:\Users\Jesper\AppData\Local\Temp\ccaE4vtw.s:2740   .debug_str:0000000000000413 .LASF53
C:\Users\Jesper\AppData\Local\Temp\ccaE4vtw.s:2794   .debug_str:000000000000050c .LASF54
C:\Users\Jesper\AppData\Local\Temp\ccaE4vtw.s:2646   .debug_str:000000000000025e .LASF55
C:\Users\Jesper\AppData\Local\Temp\ccaE4vtw.s:2770   .debug_str:00000000000004a1 .LASF56
C:\Users\Jesper\AppData\Local\Temp\ccaE4vtw.s:2604   .debug_str:0000000000000198 .LASF57
C:\Users\Jesper\AppData\Local\Temp\ccaE4vtw.s:2550   .debug_str:000000000000001c .LASF58
C:\Users\Jesper\AppData\Local\Temp\ccaE4vtw.s:2780   .debug_str:00000000000004cb .LASF59
C:\Users\Jesper\AppData\Local\Temp\ccaE4vtw.s:2622   .debug_str:00000000000001e9 .LASF60
C:\Users\Jesper\AppData\Local\Temp\ccaE4vtw.s:2686   .debug_str:0000000000000312 .LASF61
C:\Users\Jesper\AppData\Local\Temp\ccaE4vtw.s:2576   .debug_str:00000000000000a3 .LASF62
C:\Users\Jesper\AppData\Local\Temp\ccaE4vtw.s:2612   .debug_str:00000000000001bb .LASF63
C:\Users\Jesper\AppData\Local\Temp\ccaE4vtw.s:2664   .debug_str:00000000000002aa .LASF64
C:\Users\Jesper\AppData\Local\Temp\ccaE4vtw.s:2722   .debug_str:00000000000003aa .LASF65
C:\Users\Jesper\AppData\Local\Temp\ccaE4vtw.s:2814   .debug_str:0000000000000569 .LASF66
C:\Users\Jesper\AppData\Local\Temp\ccaE4vtw.s:2878   .debug_str:000000000000070a .LASF67
C:\Users\Jesper\AppData\Local\Temp\ccaE4vtw.s:2600   .debug_str:0000000000000189 .LASF68
C:\Users\Jesper\AppData\Local\Temp\ccaE4vtw.s:2870   .debug_str:00000000000006e2 .LASF69
C:\Users\Jesper\AppData\Local\Temp\ccaE4vtw.s:2630   .debug_str:0000000000000206 .LASF70
C:\Users\Jesper\AppData\Local\Temp\ccaE4vtw.s:2638   .debug_str:000000000000022f .LASF71
C:\Users\Jesper\AppData\Local\Temp\ccaE4vtw.s:2566   .debug_str:000000000000005c .LASF72
C:\Users\Jesper\AppData\Local\Temp\ccaE4vtw.s:2712   .debug_str:0000000000000384 .LASF73
C:\Users\Jesper\AppData\Local\Temp\ccaE4vtw.s:2784   .debug_str:00000000000004dd .LASF74
C:\Users\Jesper\AppData\Local\Temp\ccaE4vtw.s:2716   .debug_str:0000000000000391 .LASF75
C:\Users\Jesper\AppData\Local\Temp\ccaE4vtw.s:2804   .debug_str:0000000000000544 .LASF76
C:\Users\Jesper\AppData\Local\Temp\ccaE4vtw.s:2822   .debug_str:000000000000058c .LASF77
C:\Users\Jesper\AppData\Local\Temp\ccaE4vtw.s:2626   .debug_str:00000000000001f8 .LASF78
C:\Users\Jesper\AppData\Local\Temp\ccaE4vtw.s:2678   .debug_str:00000000000002e7 .LASF79
GAS LISTING C:\Users\Jesper\AppData\Local\Temp\ccaE4vtw.s 			page 5


C:\Users\Jesper\AppData\Local\Temp\ccaE4vtw.s:2656   .debug_str:0000000000000283 .LASF80
C:\Users\Jesper\AppData\Local\Temp\ccaE4vtw.s:2792   .debug_str:0000000000000507 .LASF81
C:\Users\Jesper\AppData\Local\Temp\ccaE4vtw.s:2558   .debug_str:0000000000000039 .LASF82
C:\Users\Jesper\AppData\Local\Temp\ccaE4vtw.s:2800   .debug_str:0000000000000523 .LASF83
C:\Users\Jesper\AppData\Local\Temp\ccaE4vtw.s:2796   .debug_str:0000000000000511 .LASF84
C:\Users\Jesper\AppData\Local\Temp\ccaE4vtw.s:2632   .debug_str:000000000000020f .LASF85
C:\Users\Jesper\AppData\Local\Temp\ccaE4vtw.s:2798   .debug_str:0000000000000519 .LASF86
C:\Users\Jesper\AppData\Local\Temp\ccaE4vtw.s:2704   .debug_str:0000000000000367 .LASF87
C:\Users\Jesper\AppData\Local\Temp\ccaE4vtw.s:2666   .debug_str:00000000000002b0 .LASF88
C:\Users\Jesper\AppData\Local\Temp\ccaE4vtw.s:2888   .debug_str:0000000000000733 .LASF89
C:\Users\Jesper\AppData\Local\Temp\ccaE4vtw.s:2750   .debug_str:000000000000043b .LASF90
C:\Users\Jesper\AppData\Local\Temp\ccaE4vtw.s:2682   .debug_str:00000000000002f8 .LASF91
C:\Users\Jesper\AppData\Local\Temp\ccaE4vtw.s:2636   .debug_str:0000000000000227 .LASF92
C:\Users\Jesper\AppData\Local\Temp\ccaE4vtw.s:2760   .debug_str:0000000000000478 .LASF93
C:\Users\Jesper\AppData\Local\Temp\ccaE4vtw.s:2698   .debug_str:0000000000000345 .LASF94
C:\Users\Jesper\AppData\Local\Temp\ccaE4vtw.s:2866   .debug_str:00000000000006ce .LASF95
C:\Users\Jesper\AppData\Local\Temp\ccaE4vtw.s:2614   .debug_str:00000000000001c3 .LASF96
C:\Users\Jesper\AppData\Local\Temp\ccaE4vtw.s:2608   .debug_str:00000000000001a8 .LASF97
C:\Users\Jesper\AppData\Local\Temp\ccaE4vtw.s:2824   .debug_str:0000000000000593 .LASF98
C:\Users\Jesper\AppData\Local\Temp\ccaE4vtw.s:2776   .debug_str:00000000000004b9 .LASF99
C:\Users\Jesper\AppData\Local\Temp\ccaE4vtw.s:2860   .debug_str:00000000000006b5 .LASF100
C:\Users\Jesper\AppData\Local\Temp\ccaE4vtw.s:2692   .debug_str:0000000000000325 .LASF101
C:\Users\Jesper\AppData\Local\Temp\ccaE4vtw.s:2774   .debug_str:00000000000004b3 .LASF102
C:\Users\Jesper\AppData\Local\Temp\ccaE4vtw.s:2554   .debug_str:000000000000002a .LASF103
C:\Users\Jesper\AppData\Local\Temp\ccaE4vtw.s:2808   .debug_str:0000000000000553 .LASF104
C:\Users\Jesper\AppData\Local\Temp\ccaE4vtw.s:2832   .debug_str:00000000000005b2 .LASF105
C:\Users\Jesper\AppData\Local\Temp\ccaE4vtw.s:2846   .debug_str:000000000000066c .LASF106
C:\Users\Jesper\AppData\Local\Temp\ccaE4vtw.s:2854   .debug_str:0000000000000699 .LASF107
C:\Users\Jesper\AppData\Local\Temp\ccaE4vtw.s:2838   .debug_str:00000000000005c6 .LASF108
C:\Users\Jesper\AppData\Local\Temp\ccaE4vtw.s:2702   .debug_str:000000000000035a .LASF109
C:\Users\Jesper\AppData\Local\Temp\ccaE4vtw.s:2876   .debug_str:00000000000006fb .LASF110
C:\Users\Jesper\AppData\Local\Temp\ccaE4vtw.s:2660   .debug_str:0000000000000293 .LASF111
C:\Users\Jesper\AppData\Local\Temp\ccaE4vtw.s:2786   .debug_str:00000000000004e6 .LASF112
C:\Users\Jesper\AppData\Local\Temp\ccaE4vtw.s:2880   .debug_str:0000000000000711 .LASF113
C:\Users\Jesper\AppData\Local\Temp\ccaE4vtw.s:2790   .debug_str:00000000000004fa .LASF114
C:\Users\Jesper\AppData\Local\Temp\ccaE4vtw.s:2886   .debug_str:0000000000000725 .LASF115
C:\Users\Jesper\AppData\Local\Temp\ccaE4vtw.s:2590   .debug_str:0000000000000153 .LASF116
C:\Users\Jesper\AppData\Local\Temp\ccaE4vtw.s:2864   .debug_str:00000000000006c4 .LASF117
C:\Users\Jesper\AppData\Local\Temp\ccaE4vtw.s:2700   .debug_str:000000000000034e .LASF118
C:\Users\Jesper\AppData\Local\Temp\ccaE4vtw.s:2850   .debug_str:0000000000000679 .LASF119
C:\Users\Jesper\AppData\Local\Temp\ccaE4vtw.s:2642   .debug_str:0000000000000248 .LASF120
C:\Users\Jesper\AppData\Local\Temp\ccaE4vtw.s:2584   .debug_str:000000000000012c .LASF121
C:\Users\Jesper\AppData\Local\Temp\ccaE4vtw.s:2640   .debug_str:0000000000000237 .LASF122
C:\Users\Jesper\AppData\Local\Temp\ccaE4vtw.s:2568   .debug_str:0000000000000062 .LASF123
C:\Users\Jesper\AppData\Local\Temp\ccaE4vtw.s:2570   .debug_str:0000000000000071 .LASF124
C:\Users\Jesper\AppData\Local\Temp\ccaE4vtw.s:2764   .debug_str:0000000000000484 .LASF125
C:\Users\Jesper\AppData\Local\Temp\ccaE4vtw.s:2734   .debug_str:00000000000003de .LASF126
C:\Users\Jesper\AppData\Local\Temp\ccaE4vtw.s:2726   .debug_str:00000000000003bb .LASF127
C:\Users\Jesper\AppData\Local\Temp\ccaE4vtw.s:2872   .debug_str:00000000000006e8 .LASF128
C:\Users\Jesper\AppData\Local\Temp\ccaE4vtw.s:2580   .debug_str:000000000000011b .LASF173
C:\Users\Jesper\AppData\Local\Temp\ccaE4vtw.s:2816   .debug_str:000000000000056f .LASF129
C:\Users\Jesper\AppData\Local\Temp\ccaE4vtw.s:2852   .debug_str:0000000000000686 .LASF130
C:\Users\Jesper\AppData\Local\Temp\ccaE4vtw.s:2634   .debug_str:000000000000021a .LASF131
C:\Users\Jesper\AppData\Local\Temp\ccaE4vtw.s:2782   .debug_str:00000000000004d3 .LASF132
C:\Users\Jesper\AppData\Local\Temp\ccaE4vtw.s:2748   .debug_str:0000000000000434 .LASF133
C:\Users\Jesper\AppData\Local\Temp\ccaE4vtw.s:2680   .debug_str:00000000000002ef .LASF134
C:\Users\Jesper\AppData\Local\Temp\ccaE4vtw.s:2868   .debug_str:00000000000006d8 .LASF135
GAS LISTING C:\Users\Jesper\AppData\Local\Temp\ccaE4vtw.s 			page 6


C:\Users\Jesper\AppData\Local\Temp\ccaE4vtw.s:2896   .debug_str:0000000000000755 .LASF136
C:\Users\Jesper\AppData\Local\Temp\ccaE4vtw.s:2688   .debug_str:0000000000000318 .LASF137
C:\Users\Jesper\AppData\Local\Temp\ccaE4vtw.s:2746   .debug_str:000000000000042e .LASF138
C:\Users\Jesper\AppData\Local\Temp\ccaE4vtw.s:2694   .debug_str:000000000000032c .LASF139
C:\Users\Jesper\AppData\Local\Temp\ccaE4vtw.s:2648   .debug_str:0000000000000263 .LASF140
C:\Users\Jesper\AppData\Local\Temp\ccaE4vtw.s:2556   .debug_str:0000000000000032 .LASF141
C:\Users\Jesper\AppData\Local\Temp\ccaE4vtw.s:2552   .debug_str:0000000000000022 .LASF142
C:\Users\Jesper\AppData\Local\Temp\ccaE4vtw.s:2708   .debug_str:0000000000000375 .LASF143
C:\Users\Jesper\AppData\Local\Temp\ccaE4vtw.s:2728   .debug_str:00000000000003c4 .LASF144
C:\Users\Jesper\AppData\Local\Temp\ccaE4vtw.s:2732   .debug_str:00000000000003d7 .LASF145
C:\Users\Jesper\AppData\Local\Temp\ccaE4vtw.s:2830   .debug_str:00000000000005ab .LASF146
C:\Users\Jesper\AppData\Local\Temp\ccaE4vtw.s:2882   .debug_str:0000000000000716 .LASF147
C:\Users\Jesper\AppData\Local\Temp\ccaE4vtw.s:2720   .debug_str:00000000000003a1 .LASF148
C:\Users\Jesper\AppData\Local\Temp\ccaE4vtw.s:2752   .debug_str:0000000000000445 .LASF149
C:\Users\Jesper\AppData\Local\Temp\ccaE4vtw.s:2560   .debug_str:0000000000000044 .LASF150
C:\Users\Jesper\AppData\Local\Temp\ccaE4vtw.s:2588   .debug_str:000000000000014b .LASF151
C:\Users\Jesper\AppData\Local\Temp\ccaE4vtw.s:2594   .debug_str:000000000000016a .LASF152
C:\Users\Jesper\AppData\Local\Temp\ccaE4vtw.s:2562   .debug_str:000000000000004e .LASF153
C:\Users\Jesper\AppData\Local\Temp\ccaE4vtw.s:2762   .debug_str:000000000000047d .LASF154
C:\Users\Jesper\AppData\Local\Temp\ccaE4vtw.s:2840   .debug_str:00000000000005d3 .LASF155
C:\Users\Jesper\AppData\Local\Temp\ccaE4vtw.s:2756   .debug_str:0000000000000461 .LASF156
C:\Users\Jesper\AppData\Local\Temp\ccaE4vtw.s:2690   .debug_str:000000000000031e .LASF157
C:\Users\Jesper\AppData\Local\Temp\ccaE4vtw.s:2564   .debug_str:0000000000000055 .LASF158
C:\Users\Jesper\AppData\Local\Temp\ccaE4vtw.s:2884   .debug_str:000000000000071d .LASF159
C:\Users\Jesper\AppData\Local\Temp\ccaE4vtw.s:2718   .debug_str:0000000000000399 .LASF160
C:\Users\Jesper\AppData\Local\Temp\ccaE4vtw.s:2820   .debug_str:0000000000000583 .LASF161
C:\Users\Jesper\AppData\Local\Temp\ccaE4vtw.s:2668   .debug_str:00000000000002ba .LASF162
C:\Users\Jesper\AppData\Local\Temp\ccaE4vtw.s:2892   .debug_str:0000000000000742 .LASF163
C:\Users\Jesper\AppData\Local\Temp\ccaE4vtw.s:2670   .debug_str:00000000000002c4 .LASF164
C:\Users\Jesper\AppData\Local\Temp\ccaE4vtw.s:2788   .debug_str:00000000000004f1 .LASF165
C:\Users\Jesper\AppData\Local\Temp\ccaE4vtw.s:2620   .debug_str:00000000000001df .LASF166
C:\Users\Jesper\AppData\Local\Temp\ccaE4vtw.s:2772   .debug_str:00000000000004a8 .LASF167
C:\Users\Jesper\AppData\Local\Temp\ccaE4vtw.s:2574   .debug_str:0000000000000099 .LASF168
C:\Users\Jesper\AppData\Local\Temp\ccaE4vtw.s:2826   .debug_str:0000000000000598 .LASF169
C:\Users\Jesper\AppData\Local\Temp\ccaE4vtw.s:2628   .debug_str:00000000000001ff .LASF174
C:\Users\Jesper\AppData\Local\Temp\ccaE4vtw.s:14     .text._fstat:0000000000000000 .LFB1
C:\Users\Jesper\AppData\Local\Temp\ccaE4vtw.s:60     .text._fstat:0000000000000022 .LFE1
C:\Users\Jesper\AppData\Local\Temp\ccaE4vtw.s:2464   .debug_loc:0000000000000000 .LLST0
C:\Users\Jesper\AppData\Local\Temp\ccaE4vtw.s:2487   .debug_loc:0000000000000038 .LLST1
C:\Users\Jesper\AppData\Local\Temp\ccaE4vtw.s:2501   .debug_loc:0000000000000059 .LLST2
C:\Users\Jesper\AppData\Local\Temp\ccaE4vtw.s:30     .text._fstat:000000000000000e .LVL1
C:\Users\Jesper\AppData\Local\Temp\ccaE4vtw.s:2582   .debug_str:0000000000000126 .LASF175
C:\Users\Jesper\AppData\Local\Temp\ccaE4vtw.s:2714   .debug_str:000000000000038a .LASF176
C:\Users\Jesper\AppData\Local\Temp\ccaE4vtw.s:22     .text._fstat:0000000000000002 .LCFI0
C:\Users\Jesper\AppData\Local\Temp\ccaE4vtw.s:48     .text._fstat:000000000000001c .LCFI1
C:\Users\Jesper\AppData\Local\Temp\ccaE4vtw.s:54     .text._fstat:000000000000001e .LCFI2
C:\Users\Jesper\AppData\Local\Temp\ccaE4vtw.s:18     .text._fstat:0000000000000000 .LVL0
C:\Users\Jesper\AppData\Local\Temp\ccaE4vtw.s:50     .text._fstat:000000000000001c .LVL2
C:\Users\Jesper\AppData\Local\Temp\ccaE4vtw.s:52     .text._fstat:000000000000001e .LVL3
C:\Users\Jesper\AppData\Local\Temp\ccaE4vtw.s:77     .debug_info:0000000000000000 .Ldebug_info0

UNDEFINED SYMBOLS
isatty
