GAS LISTING C:\Users\Jesper\AppData\Local\Temp\cc9T2Crr.s 			page 1


   1              		.file	"lseek.c"
   2              		.option nopic
   3              		.attribute arch, "rv32i2p0_m2p0_a2p0_c2p0"
   4              		.attribute unaligned_access, 0
   5              		.attribute stack_align, 16
   6              		.text
   7              	.Ltext0:
   8              		.cfi_sections	.debug_frame
   9              		.section	.text._lseek,"ax",@progbits
  10              		.align	1
  11              		.globl	_lseek
  13              	_lseek:
  14              	.LFB1:
  15              		.file 1 "./../../firmware/RISCV/stubs/lseek.c"
   1:./../../firmware/RISCV/stubs/lseek.c **** /* See LICENSE of license details. */
   2:./../../firmware/RISCV/stubs/lseek.c **** 
   3:./../../firmware/RISCV/stubs/lseek.c **** #include <errno.h>
   4:./../../firmware/RISCV/stubs/lseek.c **** #include <unistd.h>
   5:./../../firmware/RISCV/stubs/lseek.c **** #include <sys/types.h>
   6:./../../firmware/RISCV/stubs/lseek.c **** #include "stub.h"
   7:./../../firmware/RISCV/stubs/lseek.c **** 
   8:./../../firmware/RISCV/stubs/lseek.c **** off_t _lseek(int fd, off_t ptr, int dir)
   9:./../../firmware/RISCV/stubs/lseek.c **** {
  16              		.loc 1 9 1
  17              		.cfi_startproc
  18              	.LVL0:
  10:./../../firmware/RISCV/stubs/lseek.c ****   if (isatty(fd))
  19              		.loc 1 10 3
   9:./../../firmware/RISCV/stubs/lseek.c ****   if (isatty(fd))
  20              		.loc 1 9 1 is_stmt 0
  21 0000 4111     		addi	sp,sp,-16
  22              	.LCFI0:
  23              		.cfi_def_cfa_offset 16
  24 0002 06C6     		sw	ra,12(sp)
  25              		.cfi_offset 1, -4
  26              		.loc 1 10 7
  27 0004 97000000 		call	isatty
  27      E7800000 
  28              	.LVL1:
  11:./../../firmware/RISCV/stubs/lseek.c ****     return 0;
  12:./../../firmware/RISCV/stubs/lseek.c **** 
  13:./../../firmware/RISCV/stubs/lseek.c ****   return _stub(EBADF);
  14:./../../firmware/RISCV/stubs/lseek.c **** }
  29              		.loc 1 14 1
  30 000c B240     		lw	ra,12(sp)
  31              		.cfi_restore 1
  10:./../../firmware/RISCV/stubs/lseek.c ****     return 0;
  32              		.loc 1 10 6
  33 000e 13351500 		seqz	a0,a0
  34              		.loc 1 14 1
  35 0012 3305A040 		neg	a0,a0
  36 0016 4101     		addi	sp,sp,16
  37              	.LCFI1:
  38              		.cfi_def_cfa_offset 0
  39 0018 8280     		jr	ra
  40              		.cfi_endproc
  41              	.LFE1:
GAS LISTING C:\Users\Jesper\AppData\Local\Temp\cc9T2Crr.s 			page 2


  43              		.text
  44              	.Letext0:
  45              		.file 2 "c:\\users\\jesper\\documents\\ml_sommarjobb\\toolchain-gd32v-v201-win\\toolchain-gd32v-v2
  46              		.file 3 "c:\\users\\jesper\\documents\\ml_sommarjobb\\toolchain-gd32v-v201-win\\toolchain-gd32v-v2
  47              		.file 4 "c:\\users\\jesper\\documents\\ml_sommarjobb\\toolchain-gd32v-v201-win\\toolchain-gd32v-v2
  48              		.file 5 "c:\\users\\jesper\\documents\\ml_sommarjobb\\toolchain-gd32v-v201-win\\toolchain-gd32v-v2
  49              		.file 6 "c:\\users\\jesper\\documents\\ml_sommarjobb\\toolchain-gd32v-v201-win\\toolchain-gd32v-v2
  50              		.file 7 "c:\\users\\jesper\\documents\\ml_sommarjobb\\toolchain-gd32v-v201-win\\toolchain-gd32v-v2
  51              		.file 8 "c:\\users\\jesper\\documents\\ml_sommarjobb\\toolchain-gd32v-v201-win\\toolchain-gd32v-v2
  52              		.file 9 "./../../firmware/RISCV/stubs/stub.h"
GAS LISTING C:\Users\Jesper\AppData\Local\Temp\cc9T2Crr.s 			page 3


DEFINED SYMBOLS
                            *ABS*:0000000000000000 lseek.c
C:\Users\Jesper\AppData\Local\Temp\cc9T2Crr.s:13     .text._lseek:0000000000000000 _lseek
C:\Users\Jesper\AppData\Local\Temp\cc9T2Crr.s:17     .text._lseek:0000000000000000 .L0 
C:\Users\Jesper\AppData\Local\Temp\cc9T2Crr.s:19     .text._lseek:0000000000000000 .L0 
C:\Users\Jesper\AppData\Local\Temp\cc9T2Crr.s:20     .text._lseek:0000000000000000 .L0 
C:\Users\Jesper\AppData\Local\Temp\cc9T2Crr.s:21     .text._lseek:0000000000000000 .L0 
C:\Users\Jesper\AppData\Local\Temp\cc9T2Crr.s:23     .text._lseek:0000000000000002 .L0 
C:\Users\Jesper\AppData\Local\Temp\cc9T2Crr.s:25     .text._lseek:0000000000000004 .L0 
C:\Users\Jesper\AppData\Local\Temp\cc9T2Crr.s:27     .text._lseek:0000000000000004 .L0 
C:\Users\Jesper\AppData\Local\Temp\cc9T2Crr.s:30     .text._lseek:000000000000000c .L0 
C:\Users\Jesper\AppData\Local\Temp\cc9T2Crr.s:31     .text._lseek:000000000000000e .L0 
C:\Users\Jesper\AppData\Local\Temp\cc9T2Crr.s:33     .text._lseek:000000000000000e .L0 
C:\Users\Jesper\AppData\Local\Temp\cc9T2Crr.s:35     .text._lseek:0000000000000012 .L0 
C:\Users\Jesper\AppData\Local\Temp\cc9T2Crr.s:38     .text._lseek:0000000000000018 .L0 
C:\Users\Jesper\AppData\Local\Temp\cc9T2Crr.s:40     .text._lseek:000000000000001a .L0 
C:\Users\Jesper\AppData\Local\Temp\cc9T2Crr.s:43     .text._lseek:000000000000001a .L0 
                     .debug_frame:0000000000000000 .L0 
C:\Users\Jesper\AppData\Local\Temp\cc9T2Crr.s:1600   .debug_abbrev:0000000000000000 .Ldebug_abbrev0
C:\Users\Jesper\AppData\Local\Temp\cc9T2Crr.s:2441   .debug_str:00000000000004aa .LASF130
C:\Users\Jesper\AppData\Local\Temp\cc9T2Crr.s:2321   .debug_str:0000000000000270 .LASF131
C:\Users\Jesper\AppData\Local\Temp\cc9T2Crr.s:2235   .debug_str:000000000000007a .LASF132
C:\Users\Jesper\AppData\Local\Temp\cc9T2Crr.s:2205   .debug_ranges:0000000000000000 .Ldebug_ranges0
C:\Users\Jesper\AppData\Local\Temp\cc9T2Crr.s:2211   .debug_line:0000000000000000 .Ldebug_line0
C:\Users\Jesper\AppData\Local\Temp\cc9T2Crr.s:2305   .debug_str:0000000000000227 .LASF0
C:\Users\Jesper\AppData\Local\Temp\cc9T2Crr.s:2323   .debug_str:0000000000000295 .LASF1
C:\Users\Jesper\AppData\Local\Temp\cc9T2Crr.s:2247   .debug_str:0000000000000120 .LASF2
C:\Users\Jesper\AppData\Local\Temp\cc9T2Crr.s:2353   .debug_str:000000000000031f .LASF3
C:\Users\Jesper\AppData\Local\Temp\cc9T2Crr.s:2337   .debug_str:00000000000002e0 .LASF10
C:\Users\Jesper\AppData\Local\Temp\cc9T2Crr.s:2249   .debug_str:000000000000012e .LASF4
C:\Users\Jesper\AppData\Local\Temp\cc9T2Crr.s:2373   .debug_str:000000000000037f .LASF5
C:\Users\Jesper\AppData\Local\Temp\cc9T2Crr.s:2379   .debug_str:000000000000039b .LASF6
C:\Users\Jesper\AppData\Local\Temp\cc9T2Crr.s:2265   .debug_str:0000000000000173 .LASF7
C:\Users\Jesper\AppData\Local\Temp\cc9T2Crr.s:2313   .debug_str:000000000000024b .LASF8
C:\Users\Jesper\AppData\Local\Temp\cc9T2Crr.s:2231   .debug_str:000000000000005a .LASF9
C:\Users\Jesper\AppData\Local\Temp\cc9T2Crr.s:2367   .debug_str:000000000000035c .LASF11
C:\Users\Jesper\AppData\Local\Temp\cc9T2Crr.s:2215   .debug_str:000000000000000c .LASF12
C:\Users\Jesper\AppData\Local\Temp\cc9T2Crr.s:2425   .debug_str:000000000000046d .LASF13
C:\Users\Jesper\AppData\Local\Temp\cc9T2Crr.s:2461   .debug_str:000000000000058a .LASF14
C:\Users\Jesper\AppData\Local\Temp\cc9T2Crr.s:2333   .debug_str:00000000000002d2 .LASF15
C:\Users\Jesper\AppData\Local\Temp\cc9T2Crr.s:2307   .debug_str:0000000000000234 .LASF16
C:\Users\Jesper\AppData\Local\Temp\cc9T2Crr.s:2417   .debug_str:000000000000044b .LASF17
C:\Users\Jesper\AppData\Local\Temp\cc9T2Crr.s:2419   .debug_str:0000000000000453 .LASF18
C:\Users\Jesper\AppData\Local\Temp\cc9T2Crr.s:2389   .debug_str:00000000000003c3 .LASF19
C:\Users\Jesper\AppData\Local\Temp\cc9T2Crr.s:2447   .debug_str:0000000000000540 .LASF20
C:\Users\Jesper\AppData\Local\Temp\cc9T2Crr.s:2371   .debug_str:000000000000036d .LASF21
C:\Users\Jesper\AppData\Local\Temp\cc9T2Crr.s:2291   .debug_str:00000000000001ea .LASF22
C:\Users\Jesper\AppData\Local\Temp\cc9T2Crr.s:2295   .debug_str:00000000000001fb .LASF27
C:\Users\Jesper\AppData\Local\Temp\cc9T2Crr.s:2437   .debug_str:0000000000000497 .LASF23
C:\Users\Jesper\AppData\Local\Temp\cc9T2Crr.s:2411   .debug_str:0000000000000436 .LASF24
C:\Users\Jesper\AppData\Local\Temp\cc9T2Crr.s:2289   .debug_str:00000000000001e4 .LASF25
C:\Users\Jesper\AppData\Local\Temp\cc9T2Crr.s:2455   .debug_str:0000000000000575 .LASF26
C:\Users\Jesper\AppData\Local\Temp\cc9T2Crr.s:2303   .debug_str:0000000000000222 .LASF28
C:\Users\Jesper\AppData\Local\Temp\cc9T2Crr.s:2245   .debug_str:0000000000000117 .LASF29
C:\Users\Jesper\AppData\Local\Temp\cc9T2Crr.s:2431   .debug_str:0000000000000481 .LASF30
C:\Users\Jesper\AppData\Local\Temp\cc9T2Crr.s:2255   .debug_str:0000000000000146 .LASF31
C:\Users\Jesper\AppData\Local\Temp\cc9T2Crr.s:2485   .debug_str:00000000000005f5 .LASF32
GAS LISTING C:\Users\Jesper\AppData\Local\Temp\cc9T2Crr.s 			page 4


C:\Users\Jesper\AppData\Local\Temp\cc9T2Crr.s:2359   .debug_str:0000000000000339 .LASF33
C:\Users\Jesper\AppData\Local\Temp\cc9T2Crr.s:2347   .debug_str:0000000000000305 .LASF34
C:\Users\Jesper\AppData\Local\Temp\cc9T2Crr.s:2457   .debug_str:000000000000057a .LASF35
C:\Users\Jesper\AppData\Local\Temp\cc9T2Crr.s:2381   .debug_str:00000000000003a5 .LASF36
C:\Users\Jesper\AppData\Local\Temp\cc9T2Crr.s:2471   .debug_str:00000000000005b5 .LASF37
C:\Users\Jesper\AppData\Local\Temp\cc9T2Crr.s:2259   .debug_str:0000000000000155 .LASF38
C:\Users\Jesper\AppData\Local\Temp\cc9T2Crr.s:2285   .debug_str:00000000000001d7 .LASF39
C:\Users\Jesper\AppData\Local\Temp\cc9T2Crr.s:2213   .debug_str:0000000000000000 .LASF40
C:\Users\Jesper\AppData\Local\Temp\cc9T2Crr.s:2443   .debug_str:0000000000000532 .LASF41
C:\Users\Jesper\AppData\Local\Temp\cc9T2Crr.s:2269   .debug_str:0000000000000183 .LASF42
C:\Users\Jesper\AppData\Local\Temp\cc9T2Crr.s:2361   .debug_str:0000000000000342 .LASF43
C:\Users\Jesper\AppData\Local\Temp\cc9T2Crr.s:2403   .debug_str:0000000000000406 .LASF44
C:\Users\Jesper\AppData\Local\Temp\cc9T2Crr.s:2287   .debug_str:00000000000001df .LASF45
C:\Users\Jesper\AppData\Local\Temp\cc9T2Crr.s:2383   .debug_str:00000000000003af .LASF46
C:\Users\Jesper\AppData\Local\Temp\cc9T2Crr.s:2253   .debug_str:0000000000000140 .LASF47
C:\Users\Jesper\AppData\Local\Temp\cc9T2Crr.s:2219   .debug_str:000000000000001b .LASF48
C:\Users\Jesper\AppData\Local\Temp\cc9T2Crr.s:2391   .debug_str:00000000000003ce .LASF49
C:\Users\Jesper\AppData\Local\Temp\cc9T2Crr.s:2267   .debug_str:000000000000017c .LASF50
C:\Users\Jesper\AppData\Local\Temp\cc9T2Crr.s:2315   .debug_str:000000000000025d .LASF51
C:\Users\Jesper\AppData\Local\Temp\cc9T2Crr.s:2233   .debug_str:0000000000000071 .LASF52
C:\Users\Jesper\AppData\Local\Temp\cc9T2Crr.s:2261   .debug_str:0000000000000163 .LASF53
C:\Users\Jesper\AppData\Local\Temp\cc9T2Crr.s:2299   .debug_str:0000000000000212 .LASF54
C:\Users\Jesper\AppData\Local\Temp\cc9T2Crr.s:2345   .debug_str:00000000000002fe .LASF55
C:\Users\Jesper\AppData\Local\Temp\cc9T2Crr.s:2421   .debug_str:000000000000045b .LASF56
C:\Users\Jesper\AppData\Local\Temp\cc9T2Crr.s:2475   .debug_str:00000000000005cf .LASF57
C:\Users\Jesper\AppData\Local\Temp\cc9T2Crr.s:2251   .debug_str:000000000000013a .LASF58
C:\Users\Jesper\AppData\Local\Temp\cc9T2Crr.s:2467   .debug_str:00000000000005a7 .LASF59
C:\Users\Jesper\AppData\Local\Temp\cc9T2Crr.s:2273   .debug_str:0000000000000192 .LASF60
C:\Users\Jesper\AppData\Local\Temp\cc9T2Crr.s:2279   .debug_str:00000000000001b0 .LASF61
C:\Users\Jesper\AppData\Local\Temp\cc9T2Crr.s:2225   .debug_str:0000000000000034 .LASF62
C:\Users\Jesper\AppData\Local\Temp\cc9T2Crr.s:2339   .debug_str:00000000000002e7 .LASF63
C:\Users\Jesper\AppData\Local\Temp\cc9T2Crr.s:2395   .debug_str:00000000000003e0 .LASF64
C:\Users\Jesper\AppData\Local\Temp\cc9T2Crr.s:2341   .debug_str:00000000000002ed .LASF65
C:\Users\Jesper\AppData\Local\Temp\cc9T2Crr.s:2413   .debug_str:000000000000043e .LASF66
C:\Users\Jesper\AppData\Local\Temp\cc9T2Crr.s:2427   .debug_str:0000000000000475 .LASF67
C:\Users\Jesper\AppData\Local\Temp\cc9T2Crr.s:2271   .debug_str:000000000000018b .LASF68
C:\Users\Jesper\AppData\Local\Temp\cc9T2Crr.s:2309   .debug_str:000000000000023b .LASF69
C:\Users\Jesper\AppData\Local\Temp\cc9T2Crr.s:2293   .debug_str:00000000000001f3 .LASF70
C:\Users\Jesper\AppData\Local\Temp\cc9T2Crr.s:2401   .debug_str:0000000000000401 .LASF71
C:\Users\Jesper\AppData\Local\Temp\cc9T2Crr.s:2223   .debug_str:0000000000000029 .LASF72
C:\Users\Jesper\AppData\Local\Temp\cc9T2Crr.s:2409   .debug_str:000000000000041d .LASF73
C:\Users\Jesper\AppData\Local\Temp\cc9T2Crr.s:2405   .debug_str:000000000000040b .LASF74
C:\Users\Jesper\AppData\Local\Temp\cc9T2Crr.s:2365   .debug_str:0000000000000351 .LASF75
C:\Users\Jesper\AppData\Local\Temp\cc9T2Crr.s:2407   .debug_str:0000000000000413 .LASF76
C:\Users\Jesper\AppData\Local\Temp\cc9T2Crr.s:2331   .debug_str:00000000000002ca .LASF77
C:\Users\Jesper\AppData\Local\Temp\cc9T2Crr.s:2301   .debug_str:0000000000000218 .LASF78
C:\Users\Jesper\AppData\Local\Temp\cc9T2Crr.s:2483   .debug_str:00000000000005f0 .LASF79
C:\Users\Jesper\AppData\Local\Temp\cc9T2Crr.s:2369   .debug_str:0000000000000363 .LASF80
C:\Users\Jesper\AppData\Local\Temp\cc9T2Crr.s:2311   .debug_str:0000000000000243 .LASF81
C:\Users\Jesper\AppData\Local\Temp\cc9T2Crr.s:2277   .debug_str:00000000000001a8 .LASF82
C:\Users\Jesper\AppData\Local\Temp\cc9T2Crr.s:2375   .debug_str:000000000000038d .LASF83
C:\Users\Jesper\AppData\Local\Temp\cc9T2Crr.s:2325   .debug_str:00000000000002a8 .LASF84
C:\Users\Jesper\AppData\Local\Temp\cc9T2Crr.s:2465   .debug_str:000000000000059d .LASF85
C:\Users\Jesper\AppData\Local\Temp\cc9T2Crr.s:2263   .debug_str:000000000000016b .LASF86
C:\Users\Jesper\AppData\Local\Temp\cc9T2Crr.s:2257   .debug_str:0000000000000150 .LASF87
C:\Users\Jesper\AppData\Local\Temp\cc9T2Crr.s:2429   .debug_str:000000000000047c .LASF88
C:\Users\Jesper\AppData\Local\Temp\cc9T2Crr.s:2387   .debug_str:00000000000003bc .LASF89
GAS LISTING C:\Users\Jesper\AppData\Local\Temp\cc9T2Crr.s 			page 5


C:\Users\Jesper\AppData\Local\Temp\cc9T2Crr.s:2459   .debug_str:0000000000000584 .LASF90
C:\Users\Jesper\AppData\Local\Temp\cc9T2Crr.s:2319   .debug_str:0000000000000269 .LASF91
C:\Users\Jesper\AppData\Local\Temp\cc9T2Crr.s:2385   .debug_str:00000000000003b6 .LASF92
C:\Users\Jesper\AppData\Local\Temp\cc9T2Crr.s:2221   .debug_str:0000000000000021 .LASF93
C:\Users\Jesper\AppData\Local\Temp\cc9T2Crr.s:2415   .debug_str:0000000000000445 .LASF94
C:\Users\Jesper\AppData\Local\Temp\cc9T2Crr.s:2435   .debug_str:0000000000000491 .LASF95
C:\Users\Jesper\AppData\Local\Temp\cc9T2Crr.s:2445   .debug_str:000000000000053b .LASF96
C:\Users\Jesper\AppData\Local\Temp\cc9T2Crr.s:2453   .debug_str:0000000000000568 .LASF97
C:\Users\Jesper\AppData\Local\Temp\cc9T2Crr.s:2439   .debug_str:000000000000049d .LASF98
C:\Users\Jesper\AppData\Local\Temp\cc9T2Crr.s:2329   .debug_str:00000000000002bd .LASF99
C:\Users\Jesper\AppData\Local\Temp\cc9T2Crr.s:2473   .debug_str:00000000000005c0 .LASF100
C:\Users\Jesper\AppData\Local\Temp\cc9T2Crr.s:2297   .debug_str:0000000000000203 .LASF101
C:\Users\Jesper\AppData\Local\Temp\cc9T2Crr.s:2397   .debug_str:00000000000003e9 .LASF102
C:\Users\Jesper\AppData\Local\Temp\cc9T2Crr.s:2477   .debug_str:00000000000005d6 .LASF103
C:\Users\Jesper\AppData\Local\Temp\cc9T2Crr.s:2399   .debug_str:00000000000003f4 .LASF104
C:\Users\Jesper\AppData\Local\Temp\cc9T2Crr.s:2481   .debug_str:00000000000005e2 .LASF105
C:\Users\Jesper\AppData\Local\Temp\cc9T2Crr.s:2243   .debug_str:0000000000000109 .LASF106
C:\Users\Jesper\AppData\Local\Temp\cc9T2Crr.s:2463   .debug_str:0000000000000593 .LASF107
C:\Users\Jesper\AppData\Local\Temp\cc9T2Crr.s:2327   .debug_str:00000000000002b1 .LASF108
C:\Users\Jesper\AppData\Local\Temp\cc9T2Crr.s:2449   .debug_str:0000000000000548 .LASF109
C:\Users\Jesper\AppData\Local\Temp\cc9T2Crr.s:2283   .debug_str:00000000000001c9 .LASF110
C:\Users\Jesper\AppData\Local\Temp\cc9T2Crr.s:2241   .debug_str:00000000000000fa .LASF111
C:\Users\Jesper\AppData\Local\Temp\cc9T2Crr.s:2281   .debug_str:00000000000001b8 .LASF112
C:\Users\Jesper\AppData\Local\Temp\cc9T2Crr.s:2227   .debug_str:000000000000003a .LASF113
C:\Users\Jesper\AppData\Local\Temp\cc9T2Crr.s:2229   .debug_str:0000000000000049 .LASF114
C:\Users\Jesper\AppData\Local\Temp\cc9T2Crr.s:2377   .debug_str:0000000000000392 .LASF115
C:\Users\Jesper\AppData\Local\Temp\cc9T2Crr.s:2357   .debug_str:0000000000000332 .LASF116
C:\Users\Jesper\AppData\Local\Temp\cc9T2Crr.s:2349   .debug_str:000000000000030f .LASF117
C:\Users\Jesper\AppData\Local\Temp\cc9T2Crr.s:2469   .debug_str:00000000000005ad .LASF118
C:\Users\Jesper\AppData\Local\Temp\cc9T2Crr.s:2237   .debug_str:00000000000000e9 .LASF133
C:\Users\Jesper\AppData\Local\Temp\cc9T2Crr.s:2423   .debug_str:0000000000000461 .LASF119
C:\Users\Jesper\AppData\Local\Temp\cc9T2Crr.s:2451   .debug_str:0000000000000555 .LASF120
C:\Users\Jesper\AppData\Local\Temp\cc9T2Crr.s:2275   .debug_str:000000000000019b .LASF121
C:\Users\Jesper\AppData\Local\Temp\cc9T2Crr.s:2393   .debug_str:00000000000003d6 .LASF122
C:\Users\Jesper\AppData\Local\Temp\cc9T2Crr.s:2317   .debug_str:0000000000000263 .LASF123
C:\Users\Jesper\AppData\Local\Temp\cc9T2Crr.s:2335   .debug_str:00000000000002d8 .LASF124
C:\Users\Jesper\AppData\Local\Temp\cc9T2Crr.s:2351   .debug_str:0000000000000318 .LASF125
C:\Users\Jesper\AppData\Local\Temp\cc9T2Crr.s:2355   .debug_str:000000000000032b .LASF126
C:\Users\Jesper\AppData\Local\Temp\cc9T2Crr.s:2433   .debug_str:000000000000048a .LASF127
C:\Users\Jesper\AppData\Local\Temp\cc9T2Crr.s:2479   .debug_str:00000000000005db .LASF128
C:\Users\Jesper\AppData\Local\Temp\cc9T2Crr.s:2343   .debug_str:00000000000002f5 .LASF129
C:\Users\Jesper\AppData\Local\Temp\cc9T2Crr.s:2363   .debug_str:000000000000034a .LASF134
C:\Users\Jesper\AppData\Local\Temp\cc9T2Crr.s:14     .text._lseek:0000000000000000 .LFB1
C:\Users\Jesper\AppData\Local\Temp\cc9T2Crr.s:41     .text._lseek:000000000000001a .LFE1
C:\Users\Jesper\AppData\Local\Temp\cc9T2Crr.s:2132   .debug_loc:0000000000000000 .LLST0
C:\Users\Jesper\AppData\Local\Temp\cc9T2Crr.s:2150   .debug_loc:000000000000002c .LLST1
C:\Users\Jesper\AppData\Local\Temp\cc9T2Crr.s:2164   .debug_loc:000000000000004d .LLST2
C:\Users\Jesper\AppData\Local\Temp\cc9T2Crr.s:2178   .debug_loc:000000000000006e .LLST3
C:\Users\Jesper\AppData\Local\Temp\cc9T2Crr.s:28     .text._lseek:000000000000000c .LVL1
C:\Users\Jesper\AppData\Local\Temp\cc9T2Crr.s:2239   .debug_str:00000000000000f4 .LASF135
C:\Users\Jesper\AppData\Local\Temp\cc9T2Crr.s:2217   .debug_str:0000000000000014 .LASF136
C:\Users\Jesper\AppData\Local\Temp\cc9T2Crr.s:22     .text._lseek:0000000000000002 .LCFI0
C:\Users\Jesper\AppData\Local\Temp\cc9T2Crr.s:37     .text._lseek:0000000000000018 .LCFI1
C:\Users\Jesper\AppData\Local\Temp\cc9T2Crr.s:18     .text._lseek:0000000000000000 .LVL0
C:\Users\Jesper\AppData\Local\Temp\cc9T2Crr.s:54     .debug_info:0000000000000000 .Ldebug_info0

UNDEFINED SYMBOLS
GAS LISTING C:\Users\Jesper\AppData\Local\Temp\cc9T2Crr.s 			page 6


isatty
