GAS LISTING C:\Users\Jesper\AppData\Local\Temp\ccMt28eZ.s 			page 1


   1              		.file	"read.c"
   2              		.option nopic
   3              		.attribute arch, "rv32i2p0_m2p0_a2p0_c2p0"
   4              		.attribute unaligned_access, 0
   5              		.attribute stack_align, 16
   6              		.text
   7              	.Ltext0:
   8              		.cfi_sections	.debug_frame
   9              		.section	.text._read,"ax",@progbits
  10              		.align	1
  11              		.globl	_read
  13              	_read:
  14              	.LFB1:
  15              		.file 1 "./../../firmware/RISCV/stubs/read.c"
   1:./../../firmware/RISCV/stubs/read.c **** /* See LICENSE of license details. */
   2:./../../firmware/RISCV/stubs/read.c **** 
   3:./../../firmware/RISCV/stubs/read.c **** #include <stdint.h>
   4:./../../firmware/RISCV/stubs/read.c **** #include <errno.h>
   5:./../../firmware/RISCV/stubs/read.c **** #include <unistd.h>
   6:./../../firmware/RISCV/stubs/read.c **** #include <sys/types.h>
   7:./../../firmware/RISCV/stubs/read.c **** 
   8:./../../firmware/RISCV/stubs/read.c **** #include "stub.h"
   9:./../../firmware/RISCV/stubs/read.c **** 
  10:./../../firmware/RISCV/stubs/read.c **** ssize_t _read(int fd, void* ptr, size_t len)
  11:./../../firmware/RISCV/stubs/read.c **** {
  16              		.loc 1 11 1
  17              		.cfi_startproc
  18              	.LVL0:
  12:./../../firmware/RISCV/stubs/read.c ****   return _stub(EBADF);
  19              		.loc 1 12 3
  20              		.file 2 "./../../firmware/RISCV/stubs/stub.h"
   1:./../../firmware/RISCV/stubs/stub.h **** /* See LICENSE of license details. */
   2:./../../firmware/RISCV/stubs/stub.h **** #ifndef _NUCLEI_SYS_STUB_H
   3:./../../firmware/RISCV/stubs/stub.h **** #define _NUCLEI_SYS_STUB_H
   4:./../../firmware/RISCV/stubs/stub.h **** 
   5:./../../firmware/RISCV/stubs/stub.h **** #include <stdint.h>
   6:./../../firmware/RISCV/stubs/stub.h **** #if   defined (__GNUC__)
   7:./../../firmware/RISCV/stubs/stub.h **** #include <unistd.h>
   8:./../../firmware/RISCV/stubs/stub.h **** #endif
   9:./../../firmware/RISCV/stubs/stub.h **** 
  10:./../../firmware/RISCV/stubs/stub.h **** void write_hex(int fd, unsigned long int hex);
  11:./../../firmware/RISCV/stubs/stub.h **** 
  12:./../../firmware/RISCV/stubs/stub.h **** static inline int _stub(int err)
  13:./../../firmware/RISCV/stubs/stub.h **** {
  14:./../../firmware/RISCV/stubs/stub.h ****   return -1;
  21              		.loc 2 14 3
  13:./../../firmware/RISCV/stubs/read.c **** }
  22              		.loc 1 13 1 is_stmt 0
  23 0000 7D55     		li	a0,-1
  24              	.LVL1:
  25 0002 8280     		ret
  26              		.cfi_endproc
  27              	.LFE1:
  29              		.text
  30              	.Letext0:
  31              		.file 3 "c:\\users\\jesper\\documents\\ml_sommarjobb\\toolchain-gd32v-v201-win\\toolchain-gd32v-v2
  32              		.file 4 "c:\\users\\jesper\\documents\\ml_sommarjobb\\toolchain-gd32v-v201-win\\toolchain-gd32v-v2
GAS LISTING C:\Users\Jesper\AppData\Local\Temp\ccMt28eZ.s 			page 2


  33              		.file 5 "c:\\users\\jesper\\documents\\ml_sommarjobb\\toolchain-gd32v-v201-win\\toolchain-gd32v-v2
  34              		.file 6 "c:\\users\\jesper\\documents\\ml_sommarjobb\\toolchain-gd32v-v201-win\\toolchain-gd32v-v2
  35              		.file 7 "c:\\users\\jesper\\documents\\ml_sommarjobb\\toolchain-gd32v-v201-win\\toolchain-gd32v-v2
  36              		.file 8 "c:\\users\\jesper\\documents\\ml_sommarjobb\\toolchain-gd32v-v201-win\\toolchain-gd32v-v2
  37              		.file 9 "c:\\users\\jesper\\documents\\ml_sommarjobb\\toolchain-gd32v-v201-win\\toolchain-gd32v-v2
GAS LISTING C:\Users\Jesper\AppData\Local\Temp\ccMt28eZ.s 			page 3


DEFINED SYMBOLS
                            *ABS*:0000000000000000 read.c
C:\Users\Jesper\AppData\Local\Temp\ccMt28eZ.s:13     .text._read:0000000000000000 _read
C:\Users\Jesper\AppData\Local\Temp\ccMt28eZ.s:17     .text._read:0000000000000000 .L0 
C:\Users\Jesper\AppData\Local\Temp\ccMt28eZ.s:19     .text._read:0000000000000000 .L0 
C:\Users\Jesper\AppData\Local\Temp\ccMt28eZ.s:21     .text._read:0000000000000000 .L0 
C:\Users\Jesper\AppData\Local\Temp\ccMt28eZ.s:22     .text._read:0000000000000000 .L0 
C:\Users\Jesper\AppData\Local\Temp\ccMt28eZ.s:23     .text._read:0000000000000000 .L0 
C:\Users\Jesper\AppData\Local\Temp\ccMt28eZ.s:26     .text._read:0000000000000004 .L0 
C:\Users\Jesper\AppData\Local\Temp\ccMt28eZ.s:29     .text._read:0000000000000004 .L0 
                     .debug_frame:0000000000000000 .L0 
C:\Users\Jesper\AppData\Local\Temp\ccMt28eZ.s:1569   .debug_abbrev:0000000000000000 .Ldebug_abbrev0
C:\Users\Jesper\AppData\Local\Temp\ccMt28eZ.s:2338   .debug_str:000000000000049c .LASF130
C:\Users\Jesper\AppData\Local\Temp\ccMt28eZ.s:2144   .debug_str:0000000000000109 .LASF131
C:\Users\Jesper\AppData\Local\Temp\ccMt28eZ.s:2136   .debug_str:000000000000007a .LASF132
C:\Users\Jesper\AppData\Local\Temp\ccMt28eZ.s:2106   .debug_ranges:0000000000000000 .Ldebug_ranges0
C:\Users\Jesper\AppData\Local\Temp\ccMt28eZ.s:2112   .debug_line:0000000000000000 .Ldebug_line0
C:\Users\Jesper\AppData\Local\Temp\ccMt28eZ.s:2152   .debug_str:0000000000000152 .LASF0
C:\Users\Jesper\AppData\Local\Temp\ccMt28eZ.s:2270   .debug_str:0000000000000371 .LASF1
C:\Users\Jesper\AppData\Local\Temp\ccMt28eZ.s:2276   .debug_str:000000000000038d .LASF2
C:\Users\Jesper\AppData\Local\Temp\ccMt28eZ.s:2222   .debug_str:000000000000028e .LASF3
C:\Users\Jesper\AppData\Local\Temp\ccMt28eZ.s:2168   .debug_str:0000000000000197 .LASF4
C:\Users\Jesper\AppData\Local\Temp\ccMt28eZ.s:2216   .debug_str:000000000000026f .LASF5
C:\Users\Jesper\AppData\Local\Temp\ccMt28eZ.s:2150   .debug_str:0000000000000144 .LASF6
C:\Users\Jesper\AppData\Local\Temp\ccMt28eZ.s:2132   .debug_str:000000000000005a .LASF7
C:\Users\Jesper\AppData\Local\Temp\ccMt28eZ.s:2208   .debug_str:000000000000024b .LASF8
C:\Users\Jesper\AppData\Local\Temp\ccMt28eZ.s:2118   .debug_str:0000000000000012 .LASF10
C:\Users\Jesper\AppData\Local\Temp\ccMt28eZ.s:2252   .debug_str:0000000000000318 .LASF9
C:\Users\Jesper\AppData\Local\Temp\ccMt28eZ.s:2236   .debug_str:00000000000002d9 .LASF11
C:\Users\Jesper\AppData\Local\Temp\ccMt28eZ.s:2264   .debug_str:000000000000034e .LASF12
C:\Users\Jesper\AppData\Local\Temp\ccMt28eZ.s:2322   .debug_str:000000000000045f .LASF13
C:\Users\Jesper\AppData\Local\Temp\ccMt28eZ.s:2358   .debug_str:000000000000057c .LASF14
C:\Users\Jesper\AppData\Local\Temp\ccMt28eZ.s:2232   .debug_str:00000000000002cb .LASF15
C:\Users\Jesper\AppData\Local\Temp\ccMt28eZ.s:2210   .debug_str:0000000000000258 .LASF16
C:\Users\Jesper\AppData\Local\Temp\ccMt28eZ.s:2314   .debug_str:000000000000043d .LASF17
C:\Users\Jesper\AppData\Local\Temp\ccMt28eZ.s:2316   .debug_str:0000000000000445 .LASF18
C:\Users\Jesper\AppData\Local\Temp\ccMt28eZ.s:2286   .debug_str:00000000000003b5 .LASF19
C:\Users\Jesper\AppData\Local\Temp\ccMt28eZ.s:2344   .debug_str:0000000000000532 .LASF20
C:\Users\Jesper\AppData\Local\Temp\ccMt28eZ.s:2268   .debug_str:000000000000035f .LASF21
C:\Users\Jesper\AppData\Local\Temp\ccMt28eZ.s:2194   .debug_str:000000000000020e .LASF22
C:\Users\Jesper\AppData\Local\Temp\ccMt28eZ.s:2198   .debug_str:000000000000021f .LASF27
C:\Users\Jesper\AppData\Local\Temp\ccMt28eZ.s:2334   .debug_str:0000000000000489 .LASF23
C:\Users\Jesper\AppData\Local\Temp\ccMt28eZ.s:2308   .debug_str:0000000000000428 .LASF24
C:\Users\Jesper\AppData\Local\Temp\ccMt28eZ.s:2192   .debug_str:0000000000000208 .LASF25
C:\Users\Jesper\AppData\Local\Temp\ccMt28eZ.s:2352   .debug_str:0000000000000567 .LASF26
C:\Users\Jesper\AppData\Local\Temp\ccMt28eZ.s:2206   .debug_str:0000000000000246 .LASF28
C:\Users\Jesper\AppData\Local\Temp\ccMt28eZ.s:2148   .debug_str:000000000000013b .LASF29
C:\Users\Jesper\AppData\Local\Temp\ccMt28eZ.s:2328   .debug_str:0000000000000473 .LASF30
C:\Users\Jesper\AppData\Local\Temp\ccMt28eZ.s:2158   .debug_str:000000000000016a .LASF31
C:\Users\Jesper\AppData\Local\Temp\ccMt28eZ.s:2382   .debug_str:00000000000005e7 .LASF32
C:\Users\Jesper\AppData\Local\Temp\ccMt28eZ.s:2258   .debug_str:0000000000000332 .LASF33
C:\Users\Jesper\AppData\Local\Temp\ccMt28eZ.s:2246   .debug_str:00000000000002fe .LASF34
C:\Users\Jesper\AppData\Local\Temp\ccMt28eZ.s:2354   .debug_str:000000000000056c .LASF35
C:\Users\Jesper\AppData\Local\Temp\ccMt28eZ.s:2278   .debug_str:0000000000000397 .LASF36
C:\Users\Jesper\AppData\Local\Temp\ccMt28eZ.s:2368   .debug_str:00000000000005a7 .LASF37
C:\Users\Jesper\AppData\Local\Temp\ccMt28eZ.s:2162   .debug_str:0000000000000179 .LASF38
C:\Users\Jesper\AppData\Local\Temp\ccMt28eZ.s:2188   .debug_str:00000000000001fb .LASF39
GAS LISTING C:\Users\Jesper\AppData\Local\Temp\ccMt28eZ.s 			page 4


C:\Users\Jesper\AppData\Local\Temp\ccMt28eZ.s:2114   .debug_str:0000000000000000 .LASF40
C:\Users\Jesper\AppData\Local\Temp\ccMt28eZ.s:2340   .debug_str:0000000000000524 .LASF41
C:\Users\Jesper\AppData\Local\Temp\ccMt28eZ.s:2172   .debug_str:00000000000001a7 .LASF42
C:\Users\Jesper\AppData\Local\Temp\ccMt28eZ.s:2260   .debug_str:000000000000033b .LASF43
C:\Users\Jesper\AppData\Local\Temp\ccMt28eZ.s:2300   .debug_str:00000000000003f8 .LASF44
C:\Users\Jesper\AppData\Local\Temp\ccMt28eZ.s:2190   .debug_str:0000000000000203 .LASF45
C:\Users\Jesper\AppData\Local\Temp\ccMt28eZ.s:2280   .debug_str:00000000000003a1 .LASF46
C:\Users\Jesper\AppData\Local\Temp\ccMt28eZ.s:2156   .debug_str:0000000000000164 .LASF47
C:\Users\Jesper\AppData\Local\Temp\ccMt28eZ.s:2116   .debug_str:000000000000000c .LASF48
C:\Users\Jesper\AppData\Local\Temp\ccMt28eZ.s:2288   .debug_str:00000000000003c0 .LASF49
C:\Users\Jesper\AppData\Local\Temp\ccMt28eZ.s:2170   .debug_str:00000000000001a0 .LASF50
C:\Users\Jesper\AppData\Local\Temp\ccMt28eZ.s:2218   .debug_str:0000000000000281 .LASF51
C:\Users\Jesper\AppData\Local\Temp\ccMt28eZ.s:2134   .debug_str:0000000000000071 .LASF52
C:\Users\Jesper\AppData\Local\Temp\ccMt28eZ.s:2164   .debug_str:0000000000000187 .LASF53
C:\Users\Jesper\AppData\Local\Temp\ccMt28eZ.s:2202   .debug_str:0000000000000236 .LASF54
C:\Users\Jesper\AppData\Local\Temp\ccMt28eZ.s:2244   .debug_str:00000000000002f7 .LASF55
C:\Users\Jesper\AppData\Local\Temp\ccMt28eZ.s:2318   .debug_str:000000000000044d .LASF56
C:\Users\Jesper\AppData\Local\Temp\ccMt28eZ.s:2372   .debug_str:00000000000005c1 .LASF57
C:\Users\Jesper\AppData\Local\Temp\ccMt28eZ.s:2154   .debug_str:000000000000015e .LASF58
C:\Users\Jesper\AppData\Local\Temp\ccMt28eZ.s:2364   .debug_str:0000000000000599 .LASF59
C:\Users\Jesper\AppData\Local\Temp\ccMt28eZ.s:2176   .debug_str:00000000000001b6 .LASF60
C:\Users\Jesper\AppData\Local\Temp\ccMt28eZ.s:2182   .debug_str:00000000000001d4 .LASF61
C:\Users\Jesper\AppData\Local\Temp\ccMt28eZ.s:2126   .debug_str:0000000000000034 .LASF62
C:\Users\Jesper\AppData\Local\Temp\ccMt28eZ.s:2238   .debug_str:00000000000002e0 .LASF63
C:\Users\Jesper\AppData\Local\Temp\ccMt28eZ.s:2292   .debug_str:00000000000003d2 .LASF64
C:\Users\Jesper\AppData\Local\Temp\ccMt28eZ.s:2240   .debug_str:00000000000002e6 .LASF65
C:\Users\Jesper\AppData\Local\Temp\ccMt28eZ.s:2310   .debug_str:0000000000000430 .LASF66
C:\Users\Jesper\AppData\Local\Temp\ccMt28eZ.s:2324   .debug_str:0000000000000467 .LASF67
C:\Users\Jesper\AppData\Local\Temp\ccMt28eZ.s:2174   .debug_str:00000000000001af .LASF68
C:\Users\Jesper\AppData\Local\Temp\ccMt28eZ.s:2212   .debug_str:000000000000025f .LASF69
C:\Users\Jesper\AppData\Local\Temp\ccMt28eZ.s:2196   .debug_str:0000000000000217 .LASF70
C:\Users\Jesper\AppData\Local\Temp\ccMt28eZ.s:2298   .debug_str:00000000000003f3 .LASF71
C:\Users\Jesper\AppData\Local\Temp\ccMt28eZ.s:2122   .debug_str:0000000000000021 .LASF72
C:\Users\Jesper\AppData\Local\Temp\ccMt28eZ.s:2306   .debug_str:000000000000040f .LASF73
C:\Users\Jesper\AppData\Local\Temp\ccMt28eZ.s:2302   .debug_str:00000000000003fd .LASF74
C:\Users\Jesper\AppData\Local\Temp\ccMt28eZ.s:2262   .debug_str:0000000000000343 .LASF75
C:\Users\Jesper\AppData\Local\Temp\ccMt28eZ.s:2304   .debug_str:0000000000000405 .LASF76
C:\Users\Jesper\AppData\Local\Temp\ccMt28eZ.s:2230   .debug_str:00000000000002c3 .LASF77
C:\Users\Jesper\AppData\Local\Temp\ccMt28eZ.s:2204   .debug_str:000000000000023c .LASF78
C:\Users\Jesper\AppData\Local\Temp\ccMt28eZ.s:2380   .debug_str:00000000000005e2 .LASF79
C:\Users\Jesper\AppData\Local\Temp\ccMt28eZ.s:2266   .debug_str:0000000000000355 .LASF80
C:\Users\Jesper\AppData\Local\Temp\ccMt28eZ.s:2214   .debug_str:0000000000000267 .LASF81
C:\Users\Jesper\AppData\Local\Temp\ccMt28eZ.s:2180   .debug_str:00000000000001cc .LASF82
C:\Users\Jesper\AppData\Local\Temp\ccMt28eZ.s:2272   .debug_str:000000000000037f .LASF83
C:\Users\Jesper\AppData\Local\Temp\ccMt28eZ.s:2224   .debug_str:00000000000002a1 .LASF84
C:\Users\Jesper\AppData\Local\Temp\ccMt28eZ.s:2362   .debug_str:000000000000058f .LASF85
C:\Users\Jesper\AppData\Local\Temp\ccMt28eZ.s:2166   .debug_str:000000000000018f .LASF86
C:\Users\Jesper\AppData\Local\Temp\ccMt28eZ.s:2160   .debug_str:0000000000000174 .LASF87
C:\Users\Jesper\AppData\Local\Temp\ccMt28eZ.s:2326   .debug_str:000000000000046e .LASF88
C:\Users\Jesper\AppData\Local\Temp\ccMt28eZ.s:2284   .debug_str:00000000000003ae .LASF89
C:\Users\Jesper\AppData\Local\Temp\ccMt28eZ.s:2356   .debug_str:0000000000000576 .LASF90
C:\Users\Jesper\AppData\Local\Temp\ccMt28eZ.s:2220   .debug_str:0000000000000287 .LASF91
C:\Users\Jesper\AppData\Local\Temp\ccMt28eZ.s:2282   .debug_str:00000000000003a8 .LASF92
C:\Users\Jesper\AppData\Local\Temp\ccMt28eZ.s:2120   .debug_str:0000000000000019 .LASF93
C:\Users\Jesper\AppData\Local\Temp\ccMt28eZ.s:2312   .debug_str:0000000000000437 .LASF94
C:\Users\Jesper\AppData\Local\Temp\ccMt28eZ.s:2332   .debug_str:0000000000000483 .LASF95
C:\Users\Jesper\AppData\Local\Temp\ccMt28eZ.s:2342   .debug_str:000000000000052d .LASF96
GAS LISTING C:\Users\Jesper\AppData\Local\Temp\ccMt28eZ.s 			page 5


C:\Users\Jesper\AppData\Local\Temp\ccMt28eZ.s:2350   .debug_str:000000000000055a .LASF97
C:\Users\Jesper\AppData\Local\Temp\ccMt28eZ.s:2336   .debug_str:000000000000048f .LASF98
C:\Users\Jesper\AppData\Local\Temp\ccMt28eZ.s:2228   .debug_str:00000000000002b6 .LASF99
C:\Users\Jesper\AppData\Local\Temp\ccMt28eZ.s:2370   .debug_str:00000000000005b2 .LASF100
C:\Users\Jesper\AppData\Local\Temp\ccMt28eZ.s:2200   .debug_str:0000000000000227 .LASF101
C:\Users\Jesper\AppData\Local\Temp\ccMt28eZ.s:2294   .debug_str:00000000000003db .LASF102
C:\Users\Jesper\AppData\Local\Temp\ccMt28eZ.s:2374   .debug_str:00000000000005c8 .LASF103
C:\Users\Jesper\AppData\Local\Temp\ccMt28eZ.s:2296   .debug_str:00000000000003e6 .LASF104
C:\Users\Jesper\AppData\Local\Temp\ccMt28eZ.s:2378   .debug_str:00000000000005d4 .LASF105
C:\Users\Jesper\AppData\Local\Temp\ccMt28eZ.s:2146   .debug_str:000000000000012d .LASF106
C:\Users\Jesper\AppData\Local\Temp\ccMt28eZ.s:2360   .debug_str:0000000000000585 .LASF107
C:\Users\Jesper\AppData\Local\Temp\ccMt28eZ.s:2226   .debug_str:00000000000002aa .LASF108
C:\Users\Jesper\AppData\Local\Temp\ccMt28eZ.s:2346   .debug_str:000000000000053a .LASF109
C:\Users\Jesper\AppData\Local\Temp\ccMt28eZ.s:2186   .debug_str:00000000000001ed .LASF110
C:\Users\Jesper\AppData\Local\Temp\ccMt28eZ.s:2142   .debug_str:00000000000000fa .LASF111
C:\Users\Jesper\AppData\Local\Temp\ccMt28eZ.s:2184   .debug_str:00000000000001dc .LASF112
C:\Users\Jesper\AppData\Local\Temp\ccMt28eZ.s:2128   .debug_str:000000000000003a .LASF113
C:\Users\Jesper\AppData\Local\Temp\ccMt28eZ.s:2130   .debug_str:0000000000000049 .LASF114
C:\Users\Jesper\AppData\Local\Temp\ccMt28eZ.s:2274   .debug_str:0000000000000384 .LASF115
C:\Users\Jesper\AppData\Local\Temp\ccMt28eZ.s:2256   .debug_str:000000000000032b .LASF116
C:\Users\Jesper\AppData\Local\Temp\ccMt28eZ.s:2248   .debug_str:0000000000000308 .LASF117
C:\Users\Jesper\AppData\Local\Temp\ccMt28eZ.s:2366   .debug_str:000000000000059f .LASF118
C:\Users\Jesper\AppData\Local\Temp\ccMt28eZ.s:2138   .debug_str:00000000000000e9 .LASF133
C:\Users\Jesper\AppData\Local\Temp\ccMt28eZ.s:2320   .debug_str:0000000000000453 .LASF119
C:\Users\Jesper\AppData\Local\Temp\ccMt28eZ.s:2348   .debug_str:0000000000000547 .LASF120
C:\Users\Jesper\AppData\Local\Temp\ccMt28eZ.s:2178   .debug_str:00000000000001bf .LASF121
C:\Users\Jesper\AppData\Local\Temp\ccMt28eZ.s:2290   .debug_str:00000000000003c8 .LASF122
C:\Users\Jesper\AppData\Local\Temp\ccMt28eZ.s:2124   .debug_str:000000000000002c .LASF123
C:\Users\Jesper\AppData\Local\Temp\ccMt28eZ.s:2234   .debug_str:00000000000002d1 .LASF124
C:\Users\Jesper\AppData\Local\Temp\ccMt28eZ.s:2250   .debug_str:0000000000000311 .LASF125
C:\Users\Jesper\AppData\Local\Temp\ccMt28eZ.s:2254   .debug_str:0000000000000324 .LASF126
C:\Users\Jesper\AppData\Local\Temp\ccMt28eZ.s:2330   .debug_str:000000000000047c .LASF127
C:\Users\Jesper\AppData\Local\Temp\ccMt28eZ.s:2376   .debug_str:00000000000005cd .LASF128
C:\Users\Jesper\AppData\Local\Temp\ccMt28eZ.s:2242   .debug_str:00000000000002ee .LASF129
C:\Users\Jesper\AppData\Local\Temp\ccMt28eZ.s:14     .text._read:0000000000000000 .LFB1
C:\Users\Jesper\AppData\Local\Temp\ccMt28eZ.s:27     .text._read:0000000000000004 .LFE1
C:\Users\Jesper\AppData\Local\Temp\ccMt28eZ.s:2079   .debug_loc:0000000000000000 .LLST0
C:\Users\Jesper\AppData\Local\Temp\ccMt28eZ.s:2140   .debug_str:00000000000000f4 .LASF134
C:\Users\Jesper\AppData\Local\Temp\ccMt28eZ.s:18     .text._read:0000000000000000 .LVL0
C:\Users\Jesper\AppData\Local\Temp\ccMt28eZ.s:24     .text._read:0000000000000002 .LVL1
C:\Users\Jesper\AppData\Local\Temp\ccMt28eZ.s:39     .debug_info:0000000000000000 .Ldebug_info0

NO UNDEFINED SYMBOLS
